{"meta": {"format": 3, "version": "7.13.5", "timestamp": "2026-04-10T03:46:42.401590", "branch_coverage": false, "show_contexts": false}, "files": {"openspace/__init__.py": {"executed_lines": [1, 2, 4, 10, 12, 34, 53, 60, 61, 70], "summary": {"covered_lines": 10, "num_statements": 20, "percent_covered": 50.0, "percent_covered_display": "50", "missing_lines": 10, "excluded_lines": 0, "percent_statements_covered": 50.0, "percent_statements_covered_display": "50"}, "missing_lines": [5, 6, 7, 8, 63, 64, 65, 66, 67, 71], "excluded_lines": [], "functions": {"__getattr__": {"executed_lines": [60, 61], "summary": {"covered_lines": 2, "num_statements": 7, "percent_covered": 28.571428571428573, "percent_covered_display": "29", "missing_lines": 5, "excluded_lines": 0, "percent_statements_covered": 28.571428571428573, "percent_statements_covered_display": "29"}, "missing_lines": [63, 64, 65, 66, 67], "excluded_lines": [], "start_line": 53}, "__dir__": {"executed_lines": [], "summary": {"covered_lines": 0, "num_statements": 1, "percent_covered": 0.0, "percent_covered_display": "0", "missing_lines": 1, "excluded_lines": 0, "percent_statements_covered": 0.0, "percent_statements_covered_display": "0"}, "missing_lines": [71], "excluded_lines": [], "start_line": 70}, "": {"executed_lines": [1, 2, 4, 10, 12, 34, 53, 70], "summary": {"covered_lines": 8, "num_statements": 12, "percent_covered": 66.66666666666667, "percent_covered_display": "67", "missing_lines": 4, "excluded_lines": 0, "percent_statements_covered": 66.66666666666667, "percent_statements_covered_display": "67"}, "missing_lines": [5, 6, 7, 8], "excluded_lines": [], "start_line": 1}}, "classes": {"": {"executed_lines": [1, 2, 4, 10, 12, 34, 53, 60, 61, 70], "summary": {"covered_lines": 10, "num_statements": 20, "percent_covered": 50.0, "percent_covered_display": "50", "missing_lines": 10, "excluded_lines": 0, "percent_statements_covered": 50.0, "percent_statements_covered_display": "50"}, "missing_lines": [5, 6, 7, 8, 63, 64, 65, 66, 67, 71], "excluded_lines": [], "start_line": 1}}}, "openspace/__main__.py": {"executed_lines": [], "summary": {"covered_lines": 0, "num_statements": 305, "percent_covered": 0.0, "percent_covered_display": "0", "missing_lines": 305, "excluded_lines": 0, "percent_statements_covered": 0.0, "percent_statements_covered_display": "0"}, "missing_lines": [1, 2, 3, 4, 5, 7, 8, 9, 10, 11, 12, 14, 17, 18, 19, 20, 21, 23, 24, 25, 27, 28, 29, 30, 32, 34, 35, 37, 38, 39, 41, 42, 44, 46, 47, 48, 50, 52, 53, 54, 55, 56, 57, 59, 60, 61, 62, 65, 66, 67, 68, 69, 70, 73, 74, 76, 77, 78, 79, 81, 82, 84, 85, 86, 88, 89, 90, 92, 93, 94, 96, 97, 99, 100, 101, 102, 103, 104, 107, 108, 109, 112, 114, 116, 117, 118, 120, 122, 128, 129, 130, 132, 133, 135, 136, 138, 139, 142, 144, 150, 153, 157, 163, 164, 167, 170, 173, 174, 177, 178, 179, 181, 184, 186, 187, 188, 190, 191, 192, 195, 196, 198, 201, 202, 203, 206, 209, 210, 212, 213, 214, 215, 217, 218, 219, 220, 221, 222, 225, 228, 231, 233, 234, 235, 236, 237, 238, 240, 241, 243, 245, 247, 252, 255, 258, 259, 260, 267, 270, 272, 273, 274, 276, 277, 278, 279, 282, 285, 286, 287, 288, 290, 291, 292, 293, 296, 299, 300, 301, 302, 304, 305, 306, 307, 308, 309, 311, 312, 313, 314, 315, 316, 318, 319, 322, 324, 325, 331, 333, 334, 335, 336, 337, 338, 339, 343, 344, 345, 346, 348, 349, 350, 351, 355, 357, 358, 359, 360, 361, 362, 363, 365, 367, 368, 369, 370, 373, 374, 376, 378, 379, 381, 382, 384, 385, 387, 389, 390, 391, 394, 395, 396, 397, 399, 400, 401, 402, 405, 406, 408, 409, 411, 412, 413, 414, 416, 419, 420, 421, 424, 425, 431, 432, 434, 436, 439, 440, 441, 444, 445, 446, 449, 452, 455, 457, 459, 461, 464, 465, 466, 467, 469, 472, 473, 475, 477, 478, 479, 480, 481, 482, 484, 485, 486, 488, 489, 492, 494, 495, 496, 497, 498, 499, 502, 503], "excluded_lines": [], "functions": {"UIManager.__init__": {"executed_lines": [], "summary": {"covered_lines": 0, "num_statements": 3, "percent_covered": 0.0, "percent_covered_display": "0", "missing_lines": 3, "excluded_lines": 0, "percent_statements_covered": 0.0, "percent_statements_covered_display": "0"}, "missing_lines": [19, 20, 21], "excluded_lines": [], "start_line": 18}, "UIManager.start_live_display": {"executed_lines": [], "summary": {"covered_lines": 0, "num_statements": 9, "percent_covered": 0.0, "percent_covered_display": "0", "missing_lines": 9, "excluded_lines": 0, "percent_statements_covered": 0.0, "percent_statements_covered_display": "0"}, "missing_lines": [24, 25, 27, 28, 29, 30, 32, 34, 35], "excluded_lines": [], "start_line": 23}, "UIManager.stop_live_display": {"executed_lines": [], "summary": {"covered_lines": 0, "num_statements": 5, "percent_covered": 0.0, "percent_covered_display": "0", "missing_lines": 5, "excluded_lines": 0, "percent_statements_covered": 0.0, "percent_statements_covered_display": "0"}, "missing_lines": [38, 39, 41, 42, 44], "excluded_lines": [], "start_line": 37}, "UIManager.print_summary": {"executed_lines": [], "summary": {"covered_lines": 0, "num_statements": 3, "percent_covered": 0.0, "percent_covered_display": "0", "missing_lines": 3, "excluded_lines": 0, "percent_statements_covered": 0.0, "percent_statements_covered_display": "0"}, "missing_lines": [47, 48, 50], "excluded_lines": [], "start_line": 46}, "UIManager._suppress_logs": {"executed_lines": [], "summary": {"covered_lines": 0, "num_statements": 5, "percent_covered": 0.0, "percent_covered_display": "0", "missing_lines": 5, "excluded_lines": 0, "percent_statements_covered": 0.0, "percent_statements_covered_display": "0"}, "missing_lines": [53, 54, 55, 56, 57], "excluded_lines": [], "start_line": 52}, "UIManager._restore_logs": {"executed_lines": [], "summary": {"covered_lines": 0, "num_statements": 3, "percent_covered": 0.0, "percent_covered_display": "0", "missing_lines": 3, "excluded_lines": 0, "percent_statements_covered": 0.0, "percent_statements_covered_display": "0"}, "missing_lines": [60, 61, 62], "excluded_lines": [], "start_line": 59}, "_execute_task": {"executed_lines": [], "summary": {"covered_lines": 0, "num_statements": 5, "percent_covered": 0.0, "percent_covered_display": "0", "missing_lines": 5, "excluded_lines": 0, "percent_statements_covered": 0.0, "percent_statements_covered_display": "0"}, "missing_lines": [66, 67, 68, 69, 70], "excluded_lines": [], "start_line": 65}, "interactive_mode": {"executed_lines": [], "summary": {"covered_lines": 0, "num_statements": 24, "percent_covered": 0.0, "percent_covered_display": "0", "missing_lines": 24, "excluded_lines": 0, "percent_statements_covered": 0.0, "percent_statements_covered_display": "0"}, "missing_lines": [74, 76, 77, 78, 79, 81, 82, 84, 85, 86, 88, 89, 90, 92, 93, 94, 96, 97, 99, 100, 101, 102, 103, 104], "excluded_lines": [], "start_line": 73}, "single_query_mode": {"executed_lines": [], "summary": {"covered_lines": 0, "num_statements": 2, "percent_covered": 0.0, "percent_covered_display": "0", "missing_lines": 2, "excluded_lines": 0, "percent_statements_covered": 0.0, "percent_statements_covered_display": "0"}, "missing_lines": [108, 109], "excluded_lines": [], "start_line": 107}, "_print_status": {"executed_lines": [], "summary": {"covered_lines": 0, "num_statements": 15, "percent_covered": 0.0, "percent_covered_display": "0", "missing_lines": 15, "excluded_lines": 0, "percent_statements_covered": 0.0, "percent_statements_covered_display": "0"}, "missing_lines": [114, 116, 117, 118, 120, 122, 128, 129, 130, 132, 133, 135, 136, 138, 139], "excluded_lines": [], "start_line": 112}, "_create_argument_parser": {"executed_lines": [], "summary": {"covered_lines": 0, "num_statements": 14, "percent_covered": 0.0, "percent_covered_display": "0", "missing_lines": 14, "excluded_lines": 0, "percent_statements_covered": 0.0, "percent_statements_covered_display": "0"}, "missing_lines": [144, 150, 153, 157, 163, 164, 167, 170, 173, 174, 177, 178, 179, 181], "excluded_lines": [], "start_line": 142}, "refresh_mcp_cache": {"executed_lines": [], "summary": {"covered_lines": 0, "num_statements": 81, "percent_covered": 0.0, "percent_covered_display": "0", "missing_lines": 81, "excluded_lines": 0, "percent_statements_covered": 0.0, "percent_statements_covered_display": "0"}, "missing_lines": [186, 187, 188, 190, 191, 192, 195, 196, 198, 201, 202, 203, 206, 209, 210, 212, 213, 214, 215, 217, 218, 219, 220, 221, 222, 225, 228, 231, 233, 234, 235, 236, 237, 238, 240, 241, 243, 245, 247, 252, 255, 258, 259, 260, 267, 270, 272, 273, 274, 276, 277, 278, 279, 282, 285, 286, 287, 288, 290, 291, 292, 293, 296, 299, 300, 301, 302, 304, 305, 306, 307, 308, 309, 311, 312, 313, 314, 315, 316, 318, 319], "excluded_lines": [], "start_line": 184}, "_load_config": {"executed_lines": [], "summary": {"covered_lines": 0, "num_statements": 44, "percent_covered": 0.0, "percent_covered_display": "0", "missing_lines": 44, "excluded_lines": 0, "percent_statements_covered": 0.0, "percent_statements_covered_display": "0"}, "missing_lines": [324, 325, 331, 333, 334, 335, 336, 337, 338, 339, 343, 344, 345, 346, 348, 349, 350, 351, 355, 357, 358, 359, 360, 361, 362, 363, 365, 367, 368, 369, 370, 373, 374, 376, 378, 379, 381, 382, 384, 385, 387, 389, 390, 391], "excluded_lines": [], "start_line": 322}, "_setup_ui": {"executed_lines": [], "summary": {"covered_lines": 0, "num_statements": 7, "percent_covered": 0.0, "percent_covered_display": "0", "missing_lines": 7, "excluded_lines": 0, "percent_statements_covered": 0.0, "percent_statements_covered_display": "0"}, "missing_lines": [395, 396, 397, 399, 400, 401, 402], "excluded_lines": [], "start_line": 394}, "_initialize_openspace": {"executed_lines": [], "summary": {"covered_lines": 0, "num_statements": 17, "percent_covered": 0.0, "percent_covered_display": "0", "missing_lines": 17, "excluded_lines": 0, "percent_statements_covered": 0.0, "percent_statements_covered_display": "0"}, "missing_lines": [406, 408, 409, 411, 412, 413, 414, 416, 419, 420, 421, 424, 425, 431, 432, 434, 436], "excluded_lines": [], "start_line": 405}, "main": {"executed_lines": [], "summary": {"covered_lines": 0, "num_statements": 30, "percent_covered": 0.0, "percent_covered_display": "0", "missing_lines": 30, "excluded_lines": 0, "percent_statements_covered": 0.0, "percent_statements_covered_display": "0"}, "missing_lines": [440, 441, 444, 445, 446, 449, 452, 455, 457, 459, 461, 464, 465, 466, 467, 469, 472, 473, 475, 477, 478, 479, 480, 481, 482, 484, 485, 486, 488, 489], "excluded_lines": [], "start_line": 439}, "run_main": {"executed_lines": [], "summary": {"covered_lines": 0, "num_statements": 6, "percent_covered": 0.0, "percent_covered_display": "0", "missing_lines": 6, "excluded_lines": 0, "percent_statements_covered": 0.0, "percent_statements_covered_display": "0"}, "missing_lines": [494, 495, 496, 497, 498, 499], "excluded_lines": [], "start_line": 492}, "": {"executed_lines": [], "summary": {"covered_lines": 0, "num_statements": 32, "percent_covered": 0.0, "percent_covered_display": "0", "missing_lines": 32, "excluded_lines": 0, "percent_statements_covered": 0.0, "percent_statements_covered_display": "0"}, "missing_lines": [1, 2, 3, 4, 5, 7, 8, 9, 10, 11, 12, 14, 17, 18, 23, 37, 46, 52, 59, 65, 73, 107, 112, 142, 184, 322, 394, 405, 439, 492, 502, 503], "excluded_lines": [], "start_line": 1}}, "classes": {"UIManager": {"executed_lines": [], "summary": {"covered_lines": 0, "num_statements": 28, "percent_covered": 0.0, "percent_covered_display": "0", "missing_lines": 28, "excluded_lines": 0, "percent_statements_covered": 0.0, "percent_statements_covered_display": "0"}, "missing_lines": [19, 20, 21, 24, 25, 27, 28, 29, 30, 32, 34, 35, 38, 39, 41, 42, 44, 47, 48, 50, 53, 54, 55, 56, 57, 60, 61, 62], "excluded_lines": [], "start_line": 17}, "": {"executed_lines": [], "summary": {"covered_lines": 0, "num_statements": 277, "percent_covered": 0.0, "percent_covered_display": "0", "missing_lines": 277, "excluded_lines": 0, "percent_statements_covered": 0.0, "percent_statements_covered_display": "0"}, "missing_lines": [1, 2, 3, 4, 5, 7, 8, 9, 10, 11, 12, 14, 17, 18, 23, 37, 46, 52, 59, 65, 66, 67, 68, 69, 70, 73, 74, 76, 77, 78, 79, 81, 82, 84, 85, 86, 88, 89, 90, 92, 93, 94, 96, 97, 99, 100, 101, 102, 103, 104, 107, 108, 109, 112, 114, 116, 117, 118, 120, 122, 128, 129, 130, 132, 133, 135, 136, 138, 139, 142, 144, 150, 153, 157, 163, 164, 167, 170, 173, 174, 177, 178, 179, 181, 184, 186, 187, 188, 190, 191, 192, 195, 196, 198, 201, 202, 203, 206, 209, 210, 212, 213, 214, 215, 217, 218, 219, 220, 221, 222, 225, 228, 231, 233, 234, 235, 236, 237, 238, 240, 241, 243, 245, 247, 252, 255, 258, 259, 260, 267, 270, 272, 273, 274, 276, 277, 278, 279, 282, 285, 286, 287, 288, 290, 291, 292, 293, 296, 299, 300, 301, 302, 304, 305, 306, 307, 308, 309, 311, 312, 313, 314, 315, 316, 318, 319, 322, 324, 325, 331, 333, 334, 335, 336, 337, 338, 339, 343, 344, 345, 346, 348, 349, 350, 351, 355, 357, 358, 359, 360, 361, 362, 363, 365, 367, 368, 369, 370, 373, 374, 376, 378, 379, 381, 382, 384, 385, 387, 389, 390, 391, 394, 395, 396, 397, 399, 400, 401, 402, 405, 406, 408, 409, 411, 412, 413, 414, 416, 419, 420, 421, 424, 425, 431, 432, 434, 436, 439, 440, 441, 444, 445, 446, 449, 452, 455, 457, 459, 461, 464, 465, 466, 467, 469, 472, 473, 475, 477, 478, 479, 480, 481, 482, 484, 485, 486, 488, 489, 492, 494, 495, 496, 497, 498, 499, 502, 503], "excluded_lines": [], "start_line": 1}}}, "openspace/agents/__init__.py": {"executed_lines": [], "summary": {"covered_lines": 0, "num_statements": 3, "percent_covered": 0.0, "percent_covered_display": "0", "missing_lines": 3, "excluded_lines": 0, "percent_statements_covered": 0.0, "percent_statements_covered_display": "0"}, "missing_lines": [1, 2, 4], "excluded_lines": [], "functions": {"": {"executed_lines": [], "summary": {"covered_lines": 0, "num_statements": 3, "percent_covered": 0.0, "percent_covered_display": "0", "missing_lines": 3, "excluded_lines": 0, "percent_statements_covered": 0.0, "percent_statements_covered_display": "0"}, "missing_lines": [1, 2, 4], "excluded_lines": [], "start_line": 1}}, "classes": {"": {"executed_lines": [], "summary": {"covered_lines": 0, "num_statements": 3, "percent_covered": 0.0, "percent_covered_display": "0", "missing_lines": 3, "excluded_lines": 0, "percent_statements_covered": 0.0, "percent_statements_covered_display": "0"}, "missing_lines": [1, 2, 4], "excluded_lines": [], "start_line": 1}}}, "openspace/agents/base.py": {"executed_lines": [], "summary": {"covered_lines": 0, "num_statements": 113, "percent_covered": 0.0, "percent_covered_display": "0", "missing_lines": 113, "excluded_lines": 4, "percent_statements_covered": 0.0, "percent_statements_covered_display": "0"}, "missing_lines": [1, 3, 4, 5, 7, 14, 17, 18, 36, 37, 38, 39, 40, 41, 42, 44, 45, 47, 48, 49, 51, 52, 54, 56, 57, 58, 60, 61, 62, 64, 65, 66, 68, 69, 71, 73, 74, 75, 77, 78, 79, 81, 82, 83, 85, 86, 91, 93, 99, 100, 102, 103, 108, 109, 110, 111, 113, 114, 115, 116, 117, 118, 119, 120, 121, 122, 123, 124, 126, 127, 129, 130, 131, 132, 133, 137, 138, 139, 141, 142, 143, 145, 146, 148, 149, 152, 153, 155, 156, 159, 161, 162, 163, 166, 172, 174, 175, 176, 177, 178, 179, 181, 182, 183, 184, 185, 187, 188, 189, 191, 192, 193, 194], "excluded_lines": [9, 10, 11, 12], "functions": {"BaseAgent.__init__": {"executed_lines": [], "summary": {"covered_lines": 0, "num_statements": 9, "percent_covered": 0.0, "percent_covered_display": "0", "missing_lines": 9, "excluded_lines": 0, "percent_statements_covered": 0.0, "percent_statements_covered_display": "0"}, "missing_lines": [36, 37, 38, 39, 40, 41, 42, 44, 45], "excluded_lines": [], "start_line": 18}, "BaseAgent.name": {"executed_lines": [], "summary": {"covered_lines": 0, "num_statements": 1, "percent_covered": 0.0, "percent_covered_display": "0", "missing_lines": 1, "excluded_lines": 0, "percent_statements_covered": 0.0, "percent_statements_covered_display": "0"}, "missing_lines": [49], "excluded_lines": [], "start_line": 48}, "BaseAgent.grounding_client": {"executed_lines": [], "summary": {"covered_lines": 0, "num_statements": 1, "percent_covered": 0.0, "percent_covered_display": "0", "missing_lines": 1, "excluded_lines": 0, "percent_statements_covered": 0.0, "percent_statements_covered_display": "0"}, "missing_lines": [54], "excluded_lines": [], "start_line": 52}, "BaseAgent.backend_scope": {"executed_lines": [], "summary": {"covered_lines": 0, "num_statements": 1, "percent_covered": 0.0, "percent_covered_display": "0", "missing_lines": 1, "excluded_lines": 0, "percent_statements_covered": 0.0, "percent_statements_covered_display": "0"}, "missing_lines": [58], "excluded_lines": [], "start_line": 57}, "BaseAgent.llm_client": {"executed_lines": [], "summary": {"covered_lines": 0, "num_statements": 1, "percent_covered": 0.0, "percent_covered_display": "0", "missing_lines": 1, "excluded_lines": 0, "percent_statements_covered": 0.0, "percent_statements_covered_display": "0"}, "missing_lines": [66], "excluded_lines": [], "start_line": 65}, "BaseAgent.recording_manager": {"executed_lines": [], "summary": {"covered_lines": 0, "num_statements": 1, "percent_covered": 0.0, "percent_covered_display": "0", "missing_lines": 1, "excluded_lines": 0, "percent_statements_covered": 0.0, "percent_statements_covered_display": "0"}, "missing_lines": [71], "excluded_lines": [], "start_line": 69}, "BaseAgent.step": {"executed_lines": [], "summary": {"covered_lines": 0, "num_statements": 1, "percent_covered": 0.0, "percent_covered_display": "0", "missing_lines": 1, "excluded_lines": 0, "percent_statements_covered": 0.0, "percent_statements_covered_display": "0"}, "missing_lines": [75], "excluded_lines": [], "start_line": 74}, "BaseAgent.status": {"executed_lines": [], "summary": {"covered_lines": 0, "num_statements": 1, "percent_covered": 0.0, "percent_covered_display": "0", "missing_lines": 1, "excluded_lines": 0, "percent_statements_covered": 0.0, "percent_statements_covered_display": "0"}, "missing_lines": [79], "excluded_lines": [], "start_line": 78}, "BaseAgent.process": {"executed_lines": [], "summary": {"covered_lines": 0, "num_statements": 1, "percent_covered": 0.0, "percent_covered_display": "0", "missing_lines": 1, "excluded_lines": 0, "percent_statements_covered": 0.0, "percent_statements_covered_display": "0"}, "missing_lines": [83], "excluded_lines": [], "start_line": 82}, "BaseAgent.construct_messages": {"executed_lines": [], "summary": {"covered_lines": 0, "num_statements": 1, "percent_covered": 0.0, "percent_covered_display": "0", "missing_lines": 1, "excluded_lines": 0, "percent_statements_covered": 0.0, "percent_statements_covered_display": "0"}, "missing_lines": [91], "excluded_lines": [], "start_line": 86}, "BaseAgent.get_llm_response": {"executed_lines": [], "summary": {"covered_lines": 0, "num_statements": 8, "percent_covered": 0.0, "percent_covered_display": "0", "missing_lines": 8, "excluded_lines": 0, "percent_statements_covered": 0.0, "percent_statements_covered_display": "0"}, "missing_lines": [99, 100, 102, 103, 108, 109, 110, 111], "excluded_lines": [], "start_line": 93}, "BaseAgent.response_to_dict": {"executed_lines": [], "summary": {"covered_lines": 0, "num_statements": 24, "percent_covered": 0.0, "percent_covered_display": "0", "missing_lines": 24, "excluded_lines": 0, "percent_statements_covered": 0.0, "percent_statements_covered_display": "0"}, "missing_lines": [114, 115, 116, 117, 118, 119, 120, 121, 122, 123, 124, 126, 127, 129, 130, 131, 132, 133, 137, 138, 139, 141, 142, 143], "excluded_lines": [], "start_line": 113}, "BaseAgent.increment_step": {"executed_lines": [], "summary": {"covered_lines": 0, "num_statements": 1, "percent_covered": 0.0, "percent_covered_display": "0", "missing_lines": 1, "excluded_lines": 0, "percent_statements_covered": 0.0, "percent_statements_covered_display": "0"}, "missing_lines": [146], "excluded_lines": [], "start_line": 145}, "BaseAgent._register_self": {"executed_lines": [], "summary": {"covered_lines": 0, "num_statements": 2, "percent_covered": 0.0, "percent_covered_display": "0", "missing_lines": 2, "excluded_lines": 0, "percent_statements_covered": 0.0, "percent_statements_covered_display": "0"}, "missing_lines": [152, 153], "excluded_lines": [], "start_line": 149}, "BaseAgent.__repr__": {"executed_lines": [], "summary": {"covered_lines": 0, "num_statements": 1, "percent_covered": 0.0, "percent_covered_display": "0", "missing_lines": 1, "excluded_lines": 0, "percent_statements_covered": 0.0, "percent_statements_covered_display": "0"}, "missing_lines": [156], "excluded_lines": [], "start_line": 155}, "AgentRegistry.register": {"executed_lines": [], "summary": {"covered_lines": 0, "num_statements": 4, "percent_covered": 0.0, "percent_covered_display": "0", "missing_lines": 4, "excluded_lines": 0, "percent_statements_covered": 0.0, "percent_statements_covered_display": "0"}, "missing_lines": [176, 177, 178, 179], "excluded_lines": [], "start_line": 175}, "AgentRegistry.get_cls": {"executed_lines": [], "summary": {"covered_lines": 0, "num_statements": 3, "percent_covered": 0.0, "percent_covered_display": "0", "missing_lines": 3, "excluded_lines": 0, "percent_statements_covered": 0.0, "percent_statements_covered_display": "0"}, "missing_lines": [183, 184, 185], "excluded_lines": [], "start_line": 182}, "AgentRegistry.list_registered": {"executed_lines": [], "summary": {"covered_lines": 0, "num_statements": 1, "percent_covered": 0.0, "percent_covered_display": "0", "missing_lines": 1, "excluded_lines": 0, "percent_statements_covered": 0.0, "percent_statements_covered_display": "0"}, "missing_lines": [189], "excluded_lines": [], "start_line": 188}, "AgentRegistry.clear": {"executed_lines": [], "summary": {"covered_lines": 0, "num_statements": 2, "percent_covered": 0.0, "percent_covered_display": "0", "missing_lines": 2, "excluded_lines": 0, "percent_statements_covered": 0.0, "percent_statements_covered_display": "0"}, "missing_lines": [193, 194], "excluded_lines": [], "start_line": 192}, "": {"executed_lines": [], "summary": {"covered_lines": 0, "num_statements": 48, "percent_covered": 0.0, "percent_covered_display": "0", "missing_lines": 48, "excluded_lines": 4, "percent_statements_covered": 0.0, "percent_statements_covered_display": "0"}, "missing_lines": [1, 3, 4, 5, 7, 14, 17, 18, 47, 48, 51, 52, 56, 57, 60, 61, 64, 65, 68, 69, 73, 74, 77, 78, 81, 82, 85, 86, 93, 113, 145, 148, 149, 155, 159, 161, 162, 163, 166, 172, 174, 175, 181, 182, 187, 188, 191, 192], "excluded_lines": [9, 10, 11, 12], "start_line": 1}}, "classes": {"BaseAgent": {"executed_lines": [], "summary": {"covered_lines": 0, "num_statements": 55, "percent_covered": 0.0, "percent_covered_display": "0", "missing_lines": 55, "excluded_lines": 0, "percent_statements_covered": 0.0, "percent_statements_covered_display": "0"}, "missing_lines": [36, 37, 38, 39, 40, 41, 42, 44, 45, 49, 54, 58, 62, 66, 71, 75, 79, 83, 91, 99, 100, 102, 103, 108, 109, 110, 111, 114, 115, 116, 117, 118, 119, 120, 121, 122, 123, 124, 126, 127, 129, 130, 131, 132, 133, 137, 138, 139, 141, 142, 143, 146, 152, 153, 156], "excluded_lines": [], "start_line": 17}, "AgentStatus": {"executed_lines": [], "summary": {"covered_lines": 0, "num_statements": 0, "percent_covered": 100.0, "percent_covered_display": "100", "missing_lines": 0, "excluded_lines": 0, "percent_statements_covered": 100.0, "percent_statements_covered_display": "100"}, "missing_lines": [], "excluded_lines": [], "start_line": 159}, "AgentRegistry": {"executed_lines": [], "summary": {"covered_lines": 0, "num_statements": 10, "percent_covered": 0.0, "percent_covered_display": "0", "missing_lines": 10, "excluded_lines": 0, "percent_statements_covered": 0.0, "percent_statements_covered_display": "0"}, "missing_lines": [176, 177, 178, 179, 183, 184, 185, 189, 193, 194], "excluded_lines": [], "start_line": 166}, "": {"executed_lines": [], "summary": {"covered_lines": 0, "num_statements": 48, "percent_covered": 0.0, "percent_covered_display": "0", "missing_lines": 48, "excluded_lines": 4, "percent_statements_covered": 0.0, "percent_statements_covered_display": "0"}, "missing_lines": [1, 3, 4, 5, 7, 14, 17, 18, 47, 48, 51, 52, 56, 57, 60, 61, 64, 65, 68, 69, 73, 74, 77, 78, 81, 82, 85, 86, 93, 113, 145, 148, 149, 155, 159, 161, 162, 163, 166, 172, 174, 175, 181, 182, 187, 188, 191, 192], "excluded_lines": [9, 10, 11, 12], "start_line": 1}}}, "openspace/agents/grounding_agent.py": {"executed_lines": [], "summary": {"covered_lines": 0, "num_statements": 520, "percent_covered": 0.0, "percent_covered_display": "0", "missing_lines": 520, "excluded_lines": 5, "percent_statements_covered": 0.0, "percent_statements_covered_display": "0"}, "missing_lines": [1, 3, 4, 5, 7, 8, 9, 10, 11, 19, 22, 23, 51, 59, 60, 61, 62, 63, 66, 67, 70, 73, 75, 76, 77, 78, 79, 80, 81, 82, 84, 99, 100, 101, 102, 104, 106, 107, 108, 109, 111, 112, 113, 115, 117, 118, 119, 120, 122, 123, 125, 126, 133, 134, 135, 136, 137, 138, 139, 140, 141, 142, 147, 148, 149, 150, 152, 160, 162, 163, 165, 166, 168, 169, 171, 174, 175, 176, 178, 179, 180, 181, 182, 183, 185, 187, 189, 190, 191, 192, 199, 200, 201, 203, 206, 208, 212, 213, 214, 215, 218, 220, 223, 224, 225, 226, 229, 230, 233, 234, 235, 238, 239, 240, 246, 247, 248, 249, 250, 251, 254, 255, 256, 257, 258, 260, 263, 264, 265, 272, 273, 274, 275, 276, 277, 280, 283, 284, 289, 290, 291, 292, 297, 298, 299, 303, 307, 308, 312, 313, 319, 333, 342, 345, 346, 347, 354, 355, 357, 358, 362, 363, 364, 366, 367, 368, 371, 372, 374, 376, 379, 383, 386, 390, 396, 399, 411, 413, 415, 416, 420, 421, 423, 426, 436, 443, 456, 459, 471, 472, 475, 477, 478, 480, 481, 482, 488, 489, 491, 493, 495, 499, 502, 503, 504, 507, 508, 509, 515, 516, 517, 518, 519, 521, 522, 523, 524, 529, 531, 537, 538, 542, 545, 547, 549, 564, 565, 566, 568, 572, 573, 574, 575, 576, 578, 579, 580, 586, 591, 592, 593, 596, 597, 598, 599, 605, 609, 610, 612, 614, 616, 617, 618, 619, 620, 621, 622, 623, 624, 626, 630, 632, 643, 644, 645, 646, 647, 649, 651, 652, 653, 654, 655, 658, 659, 662, 663, 666, 667, 670, 671, 672, 673, 674, 676, 678, 679, 680, 681, 682, 683, 685, 686, 687, 690, 691, 692, 695, 697, 705, 706, 708, 710, 711, 712, 713, 716, 719, 720, 721, 722, 724, 725, 727, 728, 731, 734, 735, 736, 737, 739, 742, 744, 751, 752, 753, 762, 763, 766, 767, 768, 769, 770, 771, 772, 773, 774, 775, 777, 783, 786, 789, 790, 793, 801, 802, 804, 805, 806, 807, 808, 809, 811, 819, 820, 822, 825, 828, 829, 832, 833, 835, 840, 841, 842, 843, 844, 845, 848, 850, 855, 857, 861, 863, 881, 882, 884, 890, 891, 894, 896, 897, 899, 900, 901, 902, 905, 906, 911, 914, 915, 917, 919, 920, 922, 924, 929, 931, 933, 935, 938, 940, 941, 942, 943, 944, 946, 950, 951, 953, 955, 956, 957, 958, 960, 961, 962, 964, 965, 967, 969, 978, 979, 981, 987, 992, 996, 997, 998, 1000, 1002, 1003, 1005, 1020, 1028, 1029, 1031, 1032, 1034, 1035, 1036, 1037, 1039, 1042, 1044, 1046, 1052, 1054, 1055, 1056, 1058, 1059, 1061, 1062, 1063, 1066, 1090, 1092, 1094, 1107, 1108, 1111, 1113, 1114, 1125, 1126, 1127, 1132, 1134, 1135, 1136, 1137, 1138, 1140, 1141, 1142, 1143, 1146, 1147, 1148, 1149, 1151, 1152, 1153, 1154, 1155, 1156, 1157, 1159, 1160, 1162, 1163, 1164, 1165, 1166, 1167, 1168, 1169, 1171, 1173, 1184, 1186, 1187, 1188, 1189, 1190, 1191, 1193, 1194, 1195, 1196, 1197, 1199, 1211, 1212, 1215, 1216, 1217, 1218, 1224], "excluded_lines": [13, 14, 15, 16, 17], "functions": {"GroundingAgent.__init__": {"executed_lines": [], "summary": {"covered_lines": 0, "num_statements": 18, "percent_covered": 0.0, "percent_covered_display": "0", "missing_lines": 18, "excluded_lines": 0, "percent_statements_covered": 0.0, "percent_statements_covered_display": "0"}, "missing_lines": [51, 59, 60, 61, 62, 63, 66, 67, 70, 73, 75, 76, 77, 78, 79, 80, 81, 82], "excluded_lines": [], "start_line": 23}, "GroundingAgent.set_skill_context": {"executed_lines": [], "summary": {"covered_lines": 0, "num_statements": 4, "percent_covered": 0.0, "percent_covered_display": "0", "missing_lines": 4, "excluded_lines": 0, "percent_statements_covered": 0.0, "percent_statements_covered_display": "0"}, "missing_lines": [99, 100, 101, 102], "excluded_lines": [], "start_line": 84}, "GroundingAgent.clear_skill_context": {"executed_lines": [], "summary": {"covered_lines": 0, "num_statements": 4, "percent_covered": 0.0, "percent_covered_display": "0", "missing_lines": 4, "excluded_lines": 0, "percent_statements_covered": 0.0, "percent_statements_covered_display": "0"}, "missing_lines": [106, 107, 108, 109], "excluded_lines": [], "start_line": 104}, "GroundingAgent.has_skill_context": {"executed_lines": [], "summary": {"covered_lines": 0, "num_statements": 1, "percent_covered": 0.0, "percent_covered_display": "0", "missing_lines": 1, "excluded_lines": 0, "percent_statements_covered": 0.0, "percent_statements_covered_display": "0"}, "missing_lines": [113], "excluded_lines": [], "start_line": 112}, "GroundingAgent.set_skill_registry": {"executed_lines": [], "summary": {"covered_lines": 0, "num_statements": 4, "percent_covered": 0.0, "percent_covered_display": "0", "missing_lines": 4, "excluded_lines": 0, "percent_statements_covered": 0.0, "percent_statements_covered_display": "0"}, "missing_lines": [117, 118, 119, 120], "excluded_lines": [], "start_line": 115}, "GroundingAgent._cap_message_content": {"executed_lines": [], "summary": {"covered_lines": 0, "num_statements": 14, "percent_covered": 0.0, "percent_covered_display": "0", "missing_lines": 14, "excluded_lines": 0, "percent_statements_covered": 0.0, "percent_statements_covered_display": "0"}, "missing_lines": [133, 134, 135, 136, 137, 138, 139, 140, 141, 142, 147, 148, 149, 150], "excluded_lines": [], "start_line": 126}, "GroundingAgent._truncate_messages": {"executed_lines": [], "summary": {"covered_lines": 0, "num_statements": 28, "percent_covered": 0.0, "percent_covered_display": "0", "missing_lines": 28, "excluded_lines": 0, "percent_statements_covered": 0.0, "percent_statements_covered_display": "0"}, "missing_lines": [160, 162, 163, 165, 166, 168, 169, 171, 174, 175, 176, 178, 179, 180, 181, 182, 183, 185, 187, 189, 190, 191, 192, 199, 200, 201, 203, 206], "excluded_lines": [], "start_line": 152}, "GroundingAgent.process": {"executed_lines": [], "summary": {"covered_lines": 0, "num_statements": 102, "percent_covered": 0.0, "percent_covered_display": "0", "missing_lines": 102, "excluded_lines": 0, "percent_statements_covered": 0.0, "percent_statements_covered_display": "0"}, "missing_lines": [212, 213, 214, 215, 218, 220, 223, 224, 225, 226, 229, 230, 233, 234, 235, 238, 239, 240, 246, 247, 248, 249, 250, 251, 254, 255, 256, 257, 258, 260, 263, 264, 265, 272, 273, 274, 275, 276, 277, 280, 283, 284, 289, 290, 291, 292, 297, 298, 299, 303, 307, 308, 312, 313, 319, 333, 342, 345, 346, 347, 354, 355, 357, 358, 362, 363, 364, 366, 367, 368, 371, 372, 374, 376, 379, 383, 386, 390, 396, 399, 411, 413, 415, 416, 420, 421, 423, 426, 436, 443, 456, 459, 471, 472, 475, 477, 478, 480, 481, 482, 488, 489], "excluded_lines": [], "start_line": 208}, "GroundingAgent._default_system_prompt": {"executed_lines": [], "summary": {"covered_lines": 0, "num_statements": 1, "percent_covered": 0.0, "percent_covered_display": "0", "missing_lines": 1, "excluded_lines": 0, "percent_statements_covered": 0.0, "percent_statements_covered_display": "0"}, "missing_lines": [493], "excluded_lines": [], "start_line": 491}, "GroundingAgent.construct_messages": {"executed_lines": [], "summary": {"covered_lines": 0, "num_statements": 23, "percent_covered": 0.0, "percent_covered_display": "0", "missing_lines": 23, "excluded_lines": 0, "percent_statements_covered": 0.0, "percent_statements_covered_display": "0"}, "missing_lines": [499, 502, 503, 504, 507, 508, 509, 515, 516, 517, 518, 519, 521, 522, 523, 524, 529, 531, 537, 538, 542, 545, 547], "excluded_lines": [], "start_line": 495}, "GroundingAgent._get_available_tools": {"executed_lines": [], "summary": {"covered_lines": 0, "num_statements": 24, "percent_covered": 0.0, "percent_covered_display": "0", "missing_lines": 24, "excluded_lines": 0, "percent_statements_covered": 0.0, "percent_statements_covered_display": "0"}, "missing_lines": [564, 565, 566, 568, 572, 573, 574, 575, 576, 578, 579, 580, 586, 591, 592, 593, 596, 597, 598, 599, 605, 609, 610, 612], "excluded_lines": [], "start_line": 549}, "GroundingAgent._load_all_tools": {"executed_lines": [], "summary": {"covered_lines": 0, "num_statements": 11, "percent_covered": 0.0, "percent_covered_display": "0", "missing_lines": 11, "excluded_lines": 0, "percent_statements_covered": 0.0, "percent_statements_covered_display": "0"}, "missing_lines": [616, 617, 618, 619, 620, 621, 622, 623, 624, 626, 630], "excluded_lines": [], "start_line": 614}, "GroundingAgent._visual_analysis_callback": {"executed_lines": [], "summary": {"covered_lines": 0, "num_statements": 36, "percent_covered": 0.0, "percent_covered_display": "0", "missing_lines": 36, "excluded_lines": 0, "percent_statements_covered": 0.0, "percent_statements_covered_display": "0"}, "missing_lines": [643, 644, 645, 646, 647, 649, 651, 652, 653, 654, 655, 658, 659, 662, 663, 666, 667, 670, 671, 672, 673, 674, 676, 678, 679, 680, 681, 682, 683, 685, 686, 687, 690, 691, 692, 695], "excluded_lines": [], "start_line": 632}, "GroundingAgent._enhance_result_with_visual_context": {"executed_lines": [], "summary": {"covered_lines": 0, "num_statements": 53, "percent_covered": 0.0, "percent_covered_display": "0", "missing_lines": 53, "excluded_lines": 0, "percent_statements_covered": 0.0, "percent_statements_covered_display": "0"}, "missing_lines": [705, 706, 708, 710, 711, 712, 713, 716, 719, 720, 721, 722, 724, 725, 727, 728, 731, 734, 735, 736, 737, 739, 742, 744, 751, 752, 753, 762, 763, 766, 767, 768, 769, 770, 771, 772, 773, 774, 775, 777, 783, 786, 789, 790, 793, 801, 802, 804, 805, 806, 807, 808, 809], "excluded_lines": [], "start_line": 697}, "GroundingAgent._select_key_screenshots": {"executed_lines": [], "summary": {"covered_lines": 0, "num_statements": 18, "percent_covered": 0.0, "percent_covered_display": "0", "missing_lines": 18, "excluded_lines": 0, "percent_statements_covered": 0.0, "percent_statements_covered_display": "0"}, "missing_lines": [819, 820, 822, 825, 828, 829, 832, 833, 835, 840, 841, 842, 843, 844, 845, 848, 850, 855], "excluded_lines": [], "start_line": 811}, "GroundingAgent._get_workspace_path": {"executed_lines": [], "summary": {"covered_lines": 0, "num_statements": 1, "percent_covered": 0.0, "percent_covered_display": "0", "missing_lines": 1, "excluded_lines": 0, "percent_statements_covered": 0.0, "percent_statements_covered_display": "0"}, "missing_lines": [861], "excluded_lines": [], "start_line": 857}, "GroundingAgent._scan_workspace_files": {"executed_lines": [], "summary": {"covered_lines": 0, "num_statements": 21, "percent_covered": 0.0, "percent_covered_display": "0", "missing_lines": 21, "excluded_lines": 0, "percent_statements_covered": 0.0, "percent_statements_covered_display": "0"}, "missing_lines": [881, 882, 884, 890, 891, 894, 896, 897, 899, 900, 901, 902, 905, 906, 911, 914, 915, 917, 919, 920, 922], "excluded_lines": [], "start_line": 863}, "GroundingAgent._check_workspace_artifacts": {"executed_lines": [], "summary": {"covered_lines": 0, "num_statements": 24, "percent_covered": 0.0, "percent_covered_display": "0", "missing_lines": 24, "excluded_lines": 0, "percent_statements_covered": 0.0, "percent_statements_covered_display": "0"}, "missing_lines": [929, 931, 933, 935, 938, 940, 941, 942, 943, 944, 946, 950, 951, 953, 955, 956, 957, 958, 960, 961, 962, 964, 965, 967], "excluded_lines": [], "start_line": 924}, "GroundingAgent._build_iteration_feedback": {"executed_lines": [], "summary": {"covered_lines": 0, "num_statements": 4, "percent_covered": 0.0, "percent_covered_display": "0", "missing_lines": 4, "excluded_lines": 0, "percent_statements_covered": 0.0, "percent_statements_covered_display": "0"}, "missing_lines": [978, 979, 981, 987], "excluded_lines": [], "start_line": 969}, "GroundingAgent._remove_previous_guidance": {"executed_lines": [], "summary": {"covered_lines": 0, "num_statements": 6, "percent_covered": 0.0, "percent_covered_display": "0", "missing_lines": 6, "excluded_lines": 0, "percent_statements_covered": 0.0, "percent_statements_covered_display": "0"}, "missing_lines": [996, 997, 998, 1000, 1002, 1003], "excluded_lines": [], "start_line": 992}, "GroundingAgent._generate_final_summary": {"executed_lines": [], "summary": {"covered_lines": 0, "num_statements": 22, "percent_covered": 0.0, "percent_covered_display": "0", "missing_lines": 22, "excluded_lines": 0, "percent_statements_covered": 0.0, "percent_statements_covered_display": "0"}, "missing_lines": [1020, 1028, 1029, 1031, 1032, 1034, 1035, 1036, 1037, 1039, 1042, 1044, 1046, 1052, 1054, 1055, 1056, 1058, 1059, 1061, 1062, 1063], "excluded_lines": [], "start_line": 1005}, "GroundingAgent._build_final_result": {"executed_lines": [], "summary": {"covered_lines": 0, "num_statements": 12, "percent_covered": 0.0, "percent_covered_display": "0", "missing_lines": 12, "excluded_lines": 0, "percent_statements_covered": 0.0, "percent_statements_covered_display": "0"}, "missing_lines": [1090, 1092, 1094, 1107, 1108, 1111, 1113, 1114, 1125, 1126, 1127, 1132], "excluded_lines": [], "start_line": 1066}, "GroundingAgent._format_tool_executions": {"executed_lines": [], "summary": {"covered_lines": 0, "num_statements": 32, "percent_covered": 0.0, "percent_covered_display": "0", "missing_lines": 32, "excluded_lines": 0, "percent_statements_covered": 0.0, "percent_statements_covered_display": "0"}, "missing_lines": [1135, 1136, 1137, 1138, 1140, 1141, 1142, 1143, 1146, 1147, 1148, 1149, 1151, 1152, 1153, 1154, 1155, 1156, 1157, 1159, 1160, 1162, 1163, 1164, 1165, 1166, 1167, 1168, 1169, 1171, 1173, 1184], "excluded_lines": [], "start_line": 1134}, "GroundingAgent._check_task_completion": {"executed_lines": [], "summary": {"covered_lines": 0, "num_statements": 5, "percent_covered": 0.0, "percent_covered_display": "0", "missing_lines": 5, "excluded_lines": 0, "percent_statements_covered": 0.0, "percent_statements_covered_display": "0"}, "missing_lines": [1187, 1188, 1189, 1190, 1191], "excluded_lines": [], "start_line": 1186}, "GroundingAgent._extract_last_assistant_message": {"executed_lines": [], "summary": {"covered_lines": 0, "num_statements": 4, "percent_covered": 0.0, "percent_covered_display": "0", "missing_lines": 4, "excluded_lines": 0, "percent_statements_covered": 0.0, "percent_statements_covered_display": "0"}, "missing_lines": [1194, 1195, 1196, 1197], "excluded_lines": [], "start_line": 1193}, "GroundingAgent._record_agent_execution": {"executed_lines": [], "summary": {"covered_lines": 0, "num_statements": 7, "percent_covered": 0.0, "percent_covered_display": "0", "missing_lines": 7, "excluded_lines": 0, "percent_statements_covered": 0.0, "percent_statements_covered_display": "0"}, "missing_lines": [1211, 1212, 1215, 1216, 1217, 1218, 1224], "excluded_lines": [], "start_line": 1199}, "": {"executed_lines": [], "summary": {"covered_lines": 0, "num_statements": 41, "percent_covered": 0.0, "percent_covered_display": "0", "missing_lines": 41, "excluded_lines": 5, "percent_statements_covered": 0.0, "percent_statements_covered_display": "0"}, "missing_lines": [1, 3, 4, 5, 7, 8, 9, 10, 11, 19, 22, 23, 84, 104, 111, 112, 115, 122, 123, 125, 126, 152, 208, 491, 495, 549, 614, 632, 697, 811, 857, 863, 924, 969, 992, 1005, 1066, 1134, 1186, 1193, 1199], "excluded_lines": [13, 14, 15, 16, 17], "start_line": 1}}, "classes": {"GroundingAgent": {"executed_lines": [], "summary": {"covered_lines": 0, "num_statements": 479, "percent_covered": 0.0, "percent_covered_display": "0", "missing_lines": 479, "excluded_lines": 0, "percent_statements_covered": 0.0, "percent_statements_covered_display": "0"}, "missing_lines": [51, 59, 60, 61, 62, 63, 66, 67, 70, 73, 75, 76, 77, 78, 79, 80, 81, 82, 99, 100, 101, 102, 106, 107, 108, 109, 113, 117, 118, 119, 120, 133, 134, 135, 136, 137, 138, 139, 140, 141, 142, 147, 148, 149, 150, 160, 162, 163, 165, 166, 168, 169, 171, 174, 175, 176, 178, 179, 180, 181, 182, 183, 185, 187, 189, 190, 191, 192, 199, 200, 201, 203, 206, 212, 213, 214, 215, 218, 220, 223, 224, 225, 226, 229, 230, 233, 234, 235, 238, 239, 240, 246, 247, 248, 249, 250, 251, 254, 255, 256, 257, 258, 260, 263, 264, 265, 272, 273, 274, 275, 276, 277, 280, 283, 284, 289, 290, 291, 292, 297, 298, 299, 303, 307, 308, 312, 313, 319, 333, 342, 345, 346, 347, 354, 355, 357, 358, 362, 363, 364, 366, 367, 368, 371, 372, 374, 376, 379, 383, 386, 390, 396, 399, 411, 413, 415, 416, 420, 421, 423, 426, 436, 443, 456, 459, 471, 472, 475, 477, 478, 480, 481, 482, 488, 489, 493, 499, 502, 503, 504, 507, 508, 509, 515, 516, 517, 518, 519, 521, 522, 523, 524, 529, 531, 537, 538, 542, 545, 547, 564, 565, 566, 568, 572, 573, 574, 575, 576, 578, 579, 580, 586, 591, 592, 593, 596, 597, 598, 599, 605, 609, 610, 612, 616, 617, 618, 619, 620, 621, 622, 623, 624, 626, 630, 643, 644, 645, 646, 647, 649, 651, 652, 653, 654, 655, 658, 659, 662, 663, 666, 667, 670, 671, 672, 673, 674, 676, 678, 679, 680, 681, 682, 683, 685, 686, 687, 690, 691, 692, 695, 705, 706, 708, 710, 711, 712, 713, 716, 719, 720, 721, 722, 724, 725, 727, 728, 731, 734, 735, 736, 737, 739, 742, 744, 751, 752, 753, 762, 763, 766, 767, 768, 769, 770, 771, 772, 773, 774, 775, 777, 783, 786, 789, 790, 793, 801, 802, 804, 805, 806, 807, 808, 809, 819, 820, 822, 825, 828, 829, 832, 833, 835, 840, 841, 842, 843, 844, 845, 848, 850, 855, 861, 881, 882, 884, 890, 891, 894, 896, 897, 899, 900, 901, 902, 905, 906, 911, 914, 915, 917, 919, 920, 922, 929, 931, 933, 935, 938, 940, 941, 942, 943, 944, 946, 950, 951, 953, 955, 956, 957, 958, 960, 961, 962, 964, 965, 967, 978, 979, 981, 987, 996, 997, 998, 1000, 1002, 1003, 1020, 1028, 1029, 1031, 1032, 1034, 1035, 1036, 1037, 1039, 1042, 1044, 1046, 1052, 1054, 1055, 1056, 1058, 1059, 1061, 1062, 1063, 1090, 1092, 1094, 1107, 1108, 1111, 1113, 1114, 1125, 1126, 1127, 1132, 1135, 1136, 1137, 1138, 1140, 1141, 1142, 1143, 1146, 1147, 1148, 1149, 1151, 1152, 1153, 1154, 1155, 1156, 1157, 1159, 1160, 1162, 1163, 1164, 1165, 1166, 1167, 1168, 1169, 1171, 1173, 1184, 1187, 1188, 1189, 1190, 1191, 1194, 1195, 1196, 1197, 1211, 1212, 1215, 1216, 1217, 1218, 1224], "excluded_lines": [], "start_line": 22}, "": {"executed_lines": [], "summary": {"covered_lines": 0, "num_statements": 41, "percent_covered": 0.0, "percent_covered_display": "0", "missing_lines": 41, "excluded_lines": 5, "percent_statements_covered": 0.0, "percent_statements_covered_display": "0"}, "missing_lines": [1, 3, 4, 5, 7, 8, 9, 10, 11, 19, 22, 23, 84, 104, 111, 112, 115, 122, 123, 125, 126, 152, 208, 491, 495, 549, 614, 632, 697, 811, 857, 863, 924, 969, 992, 1005, 1066, 1134, 1186, 1193, 1199], "excluded_lines": [13, 14, 15, 16, 17], "start_line": 1}}}, "openspace/cloud/__init__.py": {"executed_lines": [], "summary": {"covered_lines": 0, "num_statements": 13, "percent_covered": 0.0, "percent_covered_display": "0", "missing_lines": 13, "excluded_lines": 0, "percent_statements_covered": 0.0, "percent_statements_covered_display": "0"}, "missing_lines": [10, 13, 14, 15, 16, 17, 18, 19, 20, 21, 22, 23, 26], "excluded_lines": [], "functions": {"__getattr__": {"executed_lines": [], "summary": {"covered_lines": 0, "num_statements": 10, "percent_covered": 0.0, "percent_covered_display": "0", "missing_lines": 10, "excluded_lines": 0, "percent_statements_covered": 0.0, "percent_statements_covered_display": "0"}, "missing_lines": [14, 15, 16, 17, 18, 19, 20, 21, 22, 23], "excluded_lines": [], "start_line": 13}, "": {"executed_lines": [], "summary": {"covered_lines": 0, "num_statements": 3, "percent_covered": 0.0, "percent_covered_display": "0", "missing_lines": 3, "excluded_lines": 0, "percent_statements_covered": 0.0, "percent_statements_covered_display": "0"}, "missing_lines": [10, 13, 26], "excluded_lines": [], "start_line": 1}}, "classes": {"": {"executed_lines": [], "summary": {"covered_lines": 0, "num_statements": 13, "percent_covered": 0.0, "percent_covered_display": "0", "missing_lines": 13, "excluded_lines": 0, "percent_statements_covered": 0.0, "percent_statements_covered_display": "0"}, "missing_lines": [10, 13, 14, 15, 16, 17, 18, 19, 20, 21, 22, 23, 26], "excluded_lines": [], "start_line": 1}}}, "openspace/cloud/auth.py": {"executed_lines": [], "summary": {"covered_lines": 0, "num_statements": 52, "percent_covered": 0.0, "percent_covered_display": "0", "missing_lines": 52, "excluded_lines": 0, "percent_statements_covered": 0.0, "percent_statements_covered_display": "0"}, "missing_lines": [13, 15, 16, 17, 19, 21, 24, 32, 34, 35, 38, 39, 41, 42, 43, 44, 45, 46, 49, 50, 51, 53, 54, 55, 56, 57, 58, 60, 63, 68, 70, 71, 72, 73, 74, 75, 76, 77, 78, 79, 82, 84, 85, 87, 88, 89, 91, 92, 93, 94, 96, 102], "excluded_lines": [], "functions": {"get_openspace_auth": {"executed_lines": [], "summary": {"covered_lines": 0, "num_statements": 21, "percent_covered": 0.0, "percent_covered_display": "0", "missing_lines": 21, "excluded_lines": 0, "percent_statements_covered": 0.0, "percent_statements_covered_display": "0"}, "missing_lines": [32, 34, 35, 38, 39, 41, 42, 43, 44, 45, 46, 49, 50, 51, 53, 54, 55, 56, 57, 58, 60], "excluded_lines": [], "start_line": 24}, "get_api_base": {"executed_lines": [], "summary": {"covered_lines": 0, "num_statements": 11, "percent_covered": 0.0, "percent_covered_display": "0", "missing_lines": 11, "excluded_lines": 0, "percent_statements_covered": 0.0, "percent_statements_covered_display": "0"}, "missing_lines": [68, 70, 71, 72, 73, 74, 75, 76, 77, 78, 79], "excluded_lines": [], "start_line": 63}, "get_auth_headers_or_exit": {"executed_lines": [], "summary": {"covered_lines": 0, "num_statements": 11, "percent_covered": 0.0, "percent_covered_display": "0", "missing_lines": 11, "excluded_lines": 0, "percent_statements_covered": 0.0, "percent_statements_covered_display": "0"}, "missing_lines": [84, 85, 87, 88, 89, 91, 92, 93, 94, 96, 102], "excluded_lines": [], "start_line": 82}, "": {"executed_lines": [], "summary": {"covered_lines": 0, "num_statements": 9, "percent_covered": 0.0, "percent_covered_display": "0", "missing_lines": 9, "excluded_lines": 0, "percent_statements_covered": 0.0, "percent_statements_covered_display": "0"}, "missing_lines": [13, 15, 16, 17, 19, 21, 24, 63, 82], "excluded_lines": [], "start_line": 1}}, "classes": {"": {"executed_lines": [], "summary": {"covered_lines": 0, "num_statements": 52, "percent_covered": 0.0, "percent_covered_display": "0", "missing_lines": 52, "excluded_lines": 0, "percent_statements_covered": 0.0, "percent_statements_covered_display": "0"}, "missing_lines": [13, 15, 16, 17, 19, 21, 24, 32, 34, 35, 38, 39, 41, 42, 43, 44, 45, 46, 49, 50, 51, 53, 54, 55, 56, 57, 58, 60, 63, 68, 70, 71, 72, 73, 74, 75, 76, 77, 78, 79, 82, 84, 85, 87, 88, 89, 91, 92, 93, 94, 96, 102], "excluded_lines": [], "start_line": 1}}}, "openspace/cloud/cli/__init__.py": {"executed_lines": [], "summary": {"covered_lines": 0, "num_statements": 0, "percent_covered": 100.0, "percent_covered_display": "100", "missing_lines": 0, "excluded_lines": 0, "percent_statements_covered": 100.0, "percent_statements_covered_display": "100"}, "missing_lines": [], "excluded_lines": [], "functions": {"": {"executed_lines": [], "summary": {"covered_lines": 0, "num_statements": 0, "percent_covered": 100.0, "percent_covered_display": "100", "missing_lines": 0, "excluded_lines": 0, "percent_statements_covered": 100.0, "percent_statements_covered_display": "100"}, "missing_lines": [], "excluded_lines": [], "start_line": 1}}, "classes": {"": {"executed_lines": [], "summary": {"covered_lines": 0, "num_statements": 0, "percent_covered": 100.0, "percent_covered_display": "100", "missing_lines": 0, "excluded_lines": 0, "percent_statements_covered": 100.0, "percent_statements_covered_display": "100"}, "missing_lines": [], "excluded_lines": [], "start_line": 1}}}, "openspace/cloud/cli/download_skill.py": {"executed_lines": [], "summary": {"covered_lines": 0, "num_statements": 36, "percent_covered": 0.0, "percent_covered_display": "0", "missing_lines": 36, "excluded_lines": 0, "percent_statements_covered": 0.0, "percent_statements_covered_display": "0"}, "missing_lines": [8, 10, 11, 12, 13, 15, 16, 19, 20, 24, 25, 26, 27, 29, 31, 32, 33, 35, 37, 38, 39, 40, 41, 42, 44, 45, 50, 52, 53, 54, 55, 56, 58, 59, 62, 63], "excluded_lines": [], "functions": {"main": {"executed_lines": [], "summary": {"covered_lines": 0, "num_statements": 26, "percent_covered": 0.0, "percent_covered_display": "0", "missing_lines": 26, "excluded_lines": 0, "percent_statements_covered": 0.0, "percent_statements_covered_display": "0"}, "missing_lines": [20, 24, 25, 26, 27, 29, 31, 32, 33, 35, 37, 38, 39, 40, 41, 42, 44, 45, 50, 52, 53, 54, 55, 56, 58, 59], "excluded_lines": [], "start_line": 19}, "": {"executed_lines": [], "summary": {"covered_lines": 0, "num_statements": 10, "percent_covered": 0.0, "percent_covered_display": "0", "missing_lines": 10, "excluded_lines": 0, "percent_statements_covered": 0.0, "percent_statements_covered_display": "0"}, "missing_lines": [8, 10, 11, 12, 13, 15, 16, 19, 62, 63], "excluded_lines": [], "start_line": 1}}, "classes": {"": {"executed_lines": [], "summary": {"covered_lines": 0, "num_statements": 36, "percent_covered": 0.0, "percent_covered_display": "0", "missing_lines": 36, "excluded_lines": 0, "percent_statements_covered": 0.0, "percent_statements_covered_display": "0"}, "missing_lines": [8, 10, 11, 12, 13, 15, 16, 19, 20, 24, 25, 26, 27, 29, 31, 32, 33, 35, 37, 38, 39, 40, 41, 42, 44, 45, 50, 52, 53, 54, 55, 56, 58, 59, 62, 63], "excluded_lines": [], "start_line": 1}}}, "openspace/cloud/cli/upload_skill.py": {"executed_lines": [], "summary": {"covered_lines": 0, "num_statements": 49, "percent_covered": 0.0, "percent_covered_display": "0", "missing_lines": 49, "excluded_lines": 0, "percent_statements_covered": 0.0, "percent_statements_covered_display": "0"}, "missing_lines": [9, 11, 12, 13, 14, 16, 17, 20, 21, 25, 26, 27, 28, 29, 30, 31, 32, 33, 35, 37, 38, 39, 40, 42, 44, 45, 46, 47, 48, 49, 51, 53, 54, 56, 57, 58, 59, 60, 61, 63, 64, 65, 74, 75, 76, 78, 79, 82, 83], "excluded_lines": [], "functions": {"main": {"executed_lines": [], "summary": {"covered_lines": 0, "num_statements": 39, "percent_covered": 0.0, "percent_covered_display": "0", "missing_lines": 39, "excluded_lines": 0, "percent_statements_covered": 0.0, "percent_statements_covered_display": "0"}, "missing_lines": [21, 25, 26, 27, 28, 29, 30, 31, 32, 33, 35, 37, 38, 39, 40, 42, 44, 45, 46, 47, 48, 49, 51, 53, 54, 56, 57, 58, 59, 60, 61, 63, 64, 65, 74, 75, 76, 78, 79], "excluded_lines": [], "start_line": 20}, "": {"executed_lines": [], "summary": {"covered_lines": 0, "num_statements": 10, "percent_covered": 0.0, "percent_covered_display": "0", "missing_lines": 10, "excluded_lines": 0, "percent_statements_covered": 0.0, "percent_statements_covered_display": "0"}, "missing_lines": [9, 11, 12, 13, 14, 16, 17, 20, 82, 83], "excluded_lines": [], "start_line": 1}}, "classes": {"": {"executed_lines": [], "summary": {"covered_lines": 0, "num_statements": 49, "percent_covered": 0.0, "percent_covered_display": "0", "missing_lines": 49, "excluded_lines": 0, "percent_statements_covered": 0.0, "percent_statements_covered_display": "0"}, "missing_lines": [9, 11, 12, 13, 14, 16, 17, 20, 21, 25, 26, 27, 28, 29, 30, 31, 32, 33, 35, 37, 38, 39, 40, 42, 44, 45, 46, 47, 48, 49, 51, 53, 54, 56, 57, 58, 59, 60, 61, 63, 64, 65, 74, 75, 76, 78, 79, 82, 83], "excluded_lines": [], "start_line": 1}}}, "openspace/cloud/client.py": {"executed_lines": [], "summary": {"covered_lines": 0, "num_statements": 264, "percent_covered": 0.0, "percent_covered_display": "0", "missing_lines": 264, "excluded_lines": 0, "percent_statements_covered": 0.0, "percent_statements_covered_display": "0"}, "missing_lines": [14, 16, 17, 18, 19, 20, 21, 22, 23, 24, 25, 26, 27, 29, 31, 32, 33, 35, 40, 43, 44, 45, 46, 49, 57, 59, 60, 61, 65, 69, 71, 81, 82, 83, 84, 86, 87, 88, 89, 90, 91, 92, 97, 98, 100, 101, 102, 104, 106, 108, 110, 115, 117, 124, 125, 127, 128, 129, 130, 131, 132, 134, 135, 137, 139, 140, 141, 142, 143, 145, 147, 156, 160, 161, 162, 163, 165, 172, 174, 179, 180, 181, 183, 184, 185, 186, 187, 188, 192, 193, 194, 195, 196, 198, 205, 206, 207, 208, 209, 210, 212, 217, 218, 219, 225, 226, 227, 228, 229, 231, 235, 236, 237, 238, 240, 242, 243, 244, 250, 252, 253, 254, 255, 261, 263, 265, 280, 282, 283, 284, 285, 287, 288, 289, 290, 292, 293, 295, 296, 298, 301, 302, 303, 306, 309, 310, 321, 322, 323, 324, 325, 326, 328, 329, 330, 332, 338, 339, 345, 358, 368, 369, 370, 372, 373, 374, 375, 376, 379, 380, 388, 389, 392, 393, 396, 398, 403, 412, 413, 415, 420, 421, 423, 424, 425, 426, 427, 428, 429, 430, 431, 433, 434, 436, 437, 438, 439, 440, 441, 442, 443, 444, 445, 446, 447, 448, 449, 450, 451, 452, 453, 454, 456, 457, 459, 460, 461, 462, 463, 464, 465, 466, 467, 468, 469, 470, 471, 473, 474, 475, 476, 477, 478, 479, 480, 482, 494, 495, 497, 499, 500, 501, 502, 503, 504, 505, 506, 507, 508, 509, 511, 512, 514, 516, 517, 519, 520, 521, 522, 523, 524, 531, 532, 533], "excluded_lines": [], "functions": {"CloudError.__init__": {"executed_lines": [], "summary": {"covered_lines": 0, "num_statements": 3, "percent_covered": 0.0, "percent_covered_display": "0", "missing_lines": 3, "excluded_lines": 0, "percent_statements_covered": 0.0, "percent_statements_covered_display": "0"}, "missing_lines": [44, 45, 46], "excluded_lines": [], "start_line": 43}, "OpenSpaceClient.__init__": {"executed_lines": [], "summary": {"covered_lines": 0, "num_statements": 4, "percent_covered": 0.0, "percent_covered_display": "0", "missing_lines": 4, "excluded_lines": 0, "percent_statements_covered": 0.0, "percent_statements_covered_display": "0"}, "missing_lines": [60, 61, 65, 69], "excluded_lines": [], "start_line": 59}, "OpenSpaceClient._request": {"executed_lines": [], "summary": {"covered_lines": 0, "num_statements": 13, "percent_covered": 0.0, "percent_covered_display": "0", "missing_lines": 13, "excluded_lines": 0, "percent_statements_covered": 0.0, "percent_statements_covered_display": "0"}, "missing_lines": [81, 82, 83, 84, 86, 87, 88, 89, 90, 91, 92, 97, 98], "excluded_lines": [], "start_line": 71}, "OpenSpaceClient._get_json": {"executed_lines": [], "summary": {"covered_lines": 0, "num_statements": 2, "percent_covered": 0.0, "percent_covered_display": "0", "missing_lines": 2, "excluded_lines": 0, "percent_statements_covered": 0.0, "percent_statements_covered_display": "0"}, "missing_lines": [101, 102], "excluded_lines": [], "start_line": 100}, "OpenSpaceClient.fetch_record": {"executed_lines": [], "summary": {"covered_lines": 0, "num_statements": 1, "percent_covered": 0.0, "percent_covered_display": "0", "missing_lines": 1, "excluded_lines": 0, "percent_statements_covered": 0.0, "percent_statements_covered_display": "0"}, "missing_lines": [106], "excluded_lines": [], "start_line": 104}, "OpenSpaceClient.download_artifact": {"executed_lines": [], "summary": {"covered_lines": 0, "num_statements": 2, "percent_covered": 0.0, "percent_covered_display": "0", "missing_lines": 2, "excluded_lines": 0, "percent_statements_covered": 0.0, "percent_statements_covered_display": "0"}, "missing_lines": [110, 115], "excluded_lines": [], "start_line": 108}, "OpenSpaceClient.fetch_metadata": {"executed_lines": [], "summary": {"covered_lines": 0, "num_statements": 17, "percent_covered": 0.0, "percent_covered_display": "0", "missing_lines": 17, "excluded_lines": 0, "percent_statements_covered": 0.0, "percent_statements_covered_display": "0"}, "missing_lines": [124, 125, 127, 128, 129, 130, 131, 132, 134, 135, 137, 139, 140, 141, 142, 143, 145], "excluded_lines": [], "start_line": 117}, "OpenSpaceClient.search_record_embeddings": {"executed_lines": [], "summary": {"covered_lines": 0, "num_statements": 7, "percent_covered": 0.0, "percent_covered_display": "0", "missing_lines": 7, "excluded_lines": 0, "percent_statements_covered": 0.0, "percent_statements_covered_display": "0"}, "missing_lines": [156, 160, 161, 162, 163, 165, 172], "excluded_lines": [], "start_line": 147}, "OpenSpaceClient.stage_artifact": {"executed_lines": [], "summary": {"covered_lines": 0, "num_statements": 21, "percent_covered": 0.0, "percent_covered_display": "0", "missing_lines": 21, "excluded_lines": 0, "percent_statements_covered": 0.0, "percent_statements_covered_display": "0"}, "missing_lines": [179, 180, 181, 183, 184, 185, 186, 187, 188, 192, 193, 194, 195, 196, 198, 205, 206, 207, 208, 209, 210], "excluded_lines": [], "start_line": 174}, "OpenSpaceClient.create_record": {"executed_lines": [], "summary": {"covered_lines": 0, "num_statements": 8, "percent_covered": 0.0, "percent_covered_display": "0", "missing_lines": 8, "excluded_lines": 0, "percent_statements_covered": 0.0, "percent_statements_covered_display": "0"}, "missing_lines": [217, 218, 219, 225, 226, 227, 228, 229], "excluded_lines": [], "start_line": 212}, "OpenSpaceClient._handle_409": {"executed_lines": [], "summary": {"covered_lines": 0, "num_statements": 15, "percent_covered": 0.0, "percent_covered_display": "0", "missing_lines": 15, "excluded_lines": 0, "percent_statements_covered": 0.0, "percent_statements_covered_display": "0"}, "missing_lines": [235, 236, 237, 238, 240, 242, 243, 244, 250, 252, 253, 254, 255, 261, 263], "excluded_lines": [], "start_line": 231}, "OpenSpaceClient.upload_skill": {"executed_lines": [], "summary": {"covered_lines": 0, "num_statements": 33, "percent_covered": 0.0, "percent_covered_display": "0", "missing_lines": 33, "excluded_lines": 0, "percent_statements_covered": 0.0, "percent_statements_covered_display": "0"}, "missing_lines": [280, 282, 283, 284, 285, 287, 288, 289, 290, 292, 293, 295, 296, 298, 301, 302, 303, 306, 309, 310, 321, 322, 323, 324, 325, 326, 328, 329, 330, 332, 338, 339, 345], "excluded_lines": [], "start_line": 265}, "OpenSpaceClient.import_skill": {"executed_lines": [], "summary": {"covered_lines": 0, "num_statements": 17, "percent_covered": 0.0, "percent_covered_display": "0", "missing_lines": 17, "excluded_lines": 0, "percent_statements_covered": 0.0, "percent_statements_covered_display": "0"}, "missing_lines": [368, 369, 370, 372, 373, 374, 375, 376, 379, 380, 388, 389, 392, 393, 396, 398, 403], "excluded_lines": [], "start_line": 358}, "OpenSpaceClient._collect_files": {"executed_lines": [], "summary": {"covered_lines": 0, "num_statements": 1, "percent_covered": 0.0, "percent_covered_display": "0", "missing_lines": 1, "excluded_lines": 0, "percent_statements_covered": 0.0, "percent_statements_covered_display": "0"}, "missing_lines": [415], "excluded_lines": [], "start_line": 413}, "OpenSpaceClient._collect_text_files": {"executed_lines": [], "summary": {"covered_lines": 0, "num_statements": 9, "percent_covered": 0.0, "percent_covered_display": "0", "missing_lines": 9, "excluded_lines": 0, "percent_statements_covered": 0.0, "percent_statements_covered_display": "0"}, "missing_lines": [423, 424, 425, 426, 427, 428, 429, 430, 431], "excluded_lines": [], "start_line": 421}, "OpenSpaceClient._extract_zip": {"executed_lines": [], "summary": {"covered_lines": 0, "num_statements": 19, "percent_covered": 0.0, "percent_covered_display": "0", "missing_lines": 19, "excluded_lines": 0, "percent_statements_covered": 0.0, "percent_statements_covered_display": "0"}, "missing_lines": [436, 437, 438, 439, 440, 441, 442, 443, 444, 445, 446, 447, 448, 449, 450, 451, 452, 453, 454], "excluded_lines": [], "start_line": 434}, "OpenSpaceClient._extract_zip_text_files": {"executed_lines": [], "summary": {"covered_lines": 0, "num_statements": 13, "percent_covered": 0.0, "percent_covered_display": "0", "missing_lines": 13, "excluded_lines": 0, "percent_statements_covered": 0.0, "percent_statements_covered_display": "0"}, "missing_lines": [459, 460, 461, 462, 463, 464, 465, 466, 467, 468, 469, 470, 471], "excluded_lines": [], "start_line": 457}, "OpenSpaceClient._validate_origin_parents": {"executed_lines": [], "summary": {"covered_lines": 0, "num_statements": 6, "percent_covered": 0.0, "percent_covered_display": "0", "missing_lines": 6, "excluded_lines": 0, "percent_statements_covered": 0.0, "percent_statements_covered_display": "0"}, "missing_lines": [475, 476, 477, 478, 479, 480], "excluded_lines": [], "start_line": 474}, "OpenSpaceClient._compute_content_diff": {"executed_lines": [], "summary": {"covered_lines": 0, "num_statements": 17, "percent_covered": 0.0, "percent_covered_display": "0", "missing_lines": 17, "excluded_lines": 0, "percent_statements_covered": 0.0, "percent_statements_covered_display": "0"}, "missing_lines": [494, 495, 497, 499, 500, 501, 502, 503, 504, 505, 506, 507, 508, 509, 511, 512, 514], "excluded_lines": [], "start_line": 482}, "OpenSpaceClient._unified_diff": {"executed_lines": [], "summary": {"covered_lines": 0, "num_statements": 9, "percent_covered": 0.0, "percent_covered_display": "0", "missing_lines": 9, "excluded_lines": 0, "percent_statements_covered": 0.0, "percent_statements_covered_display": "0"}, "missing_lines": [519, 520, 521, 522, 523, 524, 531, 532, 533], "excluded_lines": [], "start_line": 517}, "": {"executed_lines": [], "summary": {"covered_lines": 0, "num_statements": 47, "percent_covered": 0.0, "percent_covered_display": "0", "missing_lines": 47, "excluded_lines": 0, "percent_statements_covered": 0.0, "percent_statements_covered_display": "0"}, "missing_lines": [14, 16, 17, 18, 19, 20, 21, 22, 23, 24, 25, 26, 27, 29, 31, 32, 33, 35, 40, 43, 49, 57, 59, 71, 100, 104, 108, 117, 147, 174, 212, 231, 265, 358, 412, 413, 420, 421, 433, 434, 456, 457, 473, 474, 482, 516, 517], "excluded_lines": [], "start_line": 1}}, "classes": {"CloudError": {"executed_lines": [], "summary": {"covered_lines": 0, "num_statements": 3, "percent_covered": 0.0, "percent_covered_display": "0", "missing_lines": 3, "excluded_lines": 0, "percent_statements_covered": 0.0, "percent_statements_covered_display": "0"}, "missing_lines": [44, 45, 46], "excluded_lines": [], "start_line": 40}, "OpenSpaceClient": {"executed_lines": [], "summary": {"covered_lines": 0, "num_statements": 214, "percent_covered": 0.0, "percent_covered_display": "0", "missing_lines": 214, "excluded_lines": 0, "percent_statements_covered": 0.0, "percent_statements_covered_display": "0"}, "missing_lines": [60, 61, 65, 69, 81, 82, 83, 84, 86, 87, 88, 89, 90, 91, 92, 97, 98, 101, 102, 106, 110, 115, 124, 125, 127, 128, 129, 130, 131, 132, 134, 135, 137, 139, 140, 141, 142, 143, 145, 156, 160, 161, 162, 163, 165, 172, 179, 180, 181, 183, 184, 185, 186, 187, 188, 192, 193, 194, 195, 196, 198, 205, 206, 207, 208, 209, 210, 217, 218, 219, 225, 226, 227, 228, 229, 235, 236, 237, 238, 240, 242, 243, 244, 250, 252, 253, 254, 255, 261, 263, 280, 282, 283, 284, 285, 287, 288, 289, 290, 292, 293, 295, 296, 298, 301, 302, 303, 306, 309, 310, 321, 322, 323, 324, 325, 326, 328, 329, 330, 332, 338, 339, 345, 368, 369, 370, 372, 373, 374, 375, 376, 379, 380, 388, 389, 392, 393, 396, 398, 403, 415, 423, 424, 425, 426, 427, 428, 429, 430, 431, 436, 437, 438, 439, 440, 441, 442, 443, 444, 445, 446, 447, 448, 449, 450, 451, 452, 453, 454, 459, 460, 461, 462, 463, 464, 465, 466, 467, 468, 469, 470, 471, 475, 476, 477, 478, 479, 480, 494, 495, 497, 499, 500, 501, 502, 503, 504, 505, 506, 507, 508, 509, 511, 512, 514, 519, 520, 521, 522, 523, 524, 531, 532, 533], "excluded_lines": [], "start_line": 49}, "": {"executed_lines": [], "summary": {"covered_lines": 0, "num_statements": 47, "percent_covered": 0.0, "percent_covered_display": "0", "missing_lines": 47, "excluded_lines": 0, "percent_statements_covered": 0.0, "percent_statements_covered_display": "0"}, "missing_lines": [14, 16, 17, 18, 19, 20, 21, 22, 23, 24, 25, 26, 27, 29, 31, 32, 33, 35, 40, 43, 49, 57, 59, 71, 100, 104, 108, 117, 147, 174, 212, 231, 265, 358, 412, 413, 420, 421, 433, 434, 456, 457, 473, 474, 482, 516, 517], "excluded_lines": [], "start_line": 1}}}, "openspace/cloud/embedding.py": {"executed_lines": [], "summary": {"covered_lines": 0, "num_statements": 60, "percent_covered": 0.0, "percent_covered_display": "0", "missing_lines": 60, "excluded_lines": 0, "percent_statements_covered": 0.0, "percent_statements_covered_display": "0"}, "missing_lines": [3, 5, 6, 7, 8, 9, 10, 12, 15, 16, 17, 19, 20, 23, 34, 35, 36, 38, 39, 40, 41, 43, 44, 45, 46, 47, 48, 49, 50, 52, 55, 57, 58, 59, 60, 61, 62, 63, 64, 67, 77, 78, 79, 80, 81, 84, 103, 104, 105, 106, 107, 109, 114, 123, 124, 125, 126, 127, 128, 129], "excluded_lines": [], "functions": {"resolve_embedding_api": {"executed_lines": [], "summary": {"covered_lines": 0, "num_statements": 16, "percent_covered": 0.0, "percent_covered_display": "0", "missing_lines": 16, "excluded_lines": 0, "percent_statements_covered": 0.0, "percent_statements_covered_display": "0"}, "missing_lines": [34, 35, 36, 38, 39, 40, 41, 43, 44, 45, 46, 47, 48, 49, 50, 52], "excluded_lines": [], "start_line": 23}, "cosine_similarity": {"executed_lines": [], "summary": {"covered_lines": 0, "num_statements": 8, "percent_covered": 0.0, "percent_covered_display": "0", "missing_lines": 8, "excluded_lines": 0, "percent_statements_covered": 0.0, "percent_statements_covered_display": "0"}, "missing_lines": [57, 58, 59, 60, 61, 62, 63, 64], "excluded_lines": [], "start_line": 55}, "build_skill_embedding_text": {"executed_lines": [], "summary": {"covered_lines": 0, "num_statements": 5, "percent_covered": 0.0, "percent_covered_display": "0", "missing_lines": 5, "excluded_lines": 0, "percent_statements_covered": 0.0, "percent_statements_covered_display": "0"}, "missing_lines": [77, 78, 79, 80, 81], "excluded_lines": [], "start_line": 67}, "generate_embedding": {"executed_lines": [], "summary": {"covered_lines": 0, "num_statements": 14, "percent_covered": 0.0, "percent_covered_display": "0", "missing_lines": 14, "excluded_lines": 0, "percent_statements_covered": 0.0, "percent_statements_covered_display": "0"}, "missing_lines": [103, 104, 105, 106, 107, 109, 114, 123, 124, 125, 126, 127, 128, 129], "excluded_lines": [], "start_line": 84}, "": {"executed_lines": [], "summary": {"covered_lines": 0, "num_statements": 17, "percent_covered": 0.0, "percent_covered_display": "0", "missing_lines": 17, "excluded_lines": 0, "percent_statements_covered": 0.0, "percent_statements_covered_display": "0"}, "missing_lines": [3, 5, 6, 7, 8, 9, 10, 12, 15, 16, 17, 19, 20, 23, 55, 67, 84], "excluded_lines": [], "start_line": 1}}, "classes": {"": {"executed_lines": [], "summary": {"covered_lines": 0, "num_statements": 60, "percent_covered": 0.0, "percent_covered_display": "0", "missing_lines": 60, "excluded_lines": 0, "percent_statements_covered": 0.0, "percent_statements_covered_display": "0"}, "missing_lines": [3, 5, 6, 7, 8, 9, 10, 12, 15, 16, 17, 19, 20, 23, 34, 35, 36, 38, 39, 40, 41, 43, 44, 45, 46, 47, 48, 49, 50, 52, 55, 57, 58, 59, 60, 61, 62, 63, 64, 67, 77, 78, 79, 80, 81, 84, 103, 104, 105, 106, 107, 109, 114, 123, 124, 125, 126, 127, 128, 129], "excluded_lines": [], "start_line": 1}}}, "openspace/cloud/search.py": {"executed_lines": [], "summary": {"covered_lines": 0, "num_statements": 190, "percent_covered": 0.0, "percent_covered_display": "0", "missing_lines": 190, "excluded_lines": 0, "percent_statements_covered": 0.0, "percent_statements_covered_display": "0"}, "missing_lines": [13, 15, 16, 17, 18, 20, 21, 24, 26, 27, 30, 31, 32, 34, 37, 38, 41, 43, 44, 45, 48, 51, 52, 55, 58, 61, 62, 65, 67, 70, 84, 108, 109, 110, 112, 113, 114, 117, 120, 123, 125, 132, 134, 135, 145, 147, 148, 151, 153, 160, 162, 163, 164, 165, 169, 170, 171, 172, 173, 174, 175, 176, 177, 180, 182, 184, 191, 192, 193, 194, 196, 197, 198, 199, 201, 202, 204, 205, 210, 211, 212, 213, 214, 215, 216, 217, 218, 221, 234, 236, 237, 239, 240, 241, 242, 243, 244, 245, 247, 250, 251, 252, 253, 255, 267, 268, 269, 270, 271, 272, 273, 278, 279, 280, 282, 285, 296, 297, 298, 299, 300, 301, 302, 303, 304, 306, 319, 320, 321, 322, 323, 324, 325, 327, 330, 336, 337, 339, 340, 341, 342, 343, 344, 346, 353, 354, 355, 356, 357, 358, 359, 360, 362, 365, 388, 390, 391, 392, 394, 396, 397, 399, 400, 401, 402, 404, 405, 406, 407, 408, 413, 414, 415, 416, 417, 419, 420, 423, 424, 425, 426, 427, 428, 429, 432, 433, 434, 435, 437, 438], "excluded_lines": [], "functions": {"_check_safety": {"executed_lines": [], "summary": {"covered_lines": 0, "num_statements": 2, "percent_covered": 0.0, "percent_covered_display": "0", "missing_lines": 2, "excluded_lines": 0, "percent_statements_covered": 0.0, "percent_statements_covered_display": "0"}, "missing_lines": [26, 27], "excluded_lines": [], "start_line": 24}, "_is_safe": {"executed_lines": [], "summary": {"covered_lines": 0, "num_statements": 2, "percent_covered": 0.0, "percent_covered_display": "0", "missing_lines": 2, "excluded_lines": 0, "percent_statements_covered": 0.0, "percent_statements_covered_display": "0"}, "missing_lines": [31, 32], "excluded_lines": [], "start_line": 30}, "_tokenize": {"executed_lines": [], "summary": {"covered_lines": 0, "num_statements": 1, "percent_covered": 0.0, "percent_covered_display": "0", "missing_lines": 1, "excluded_lines": 0, "percent_statements_covered": 0.0, "percent_statements_covered_display": "0"}, "missing_lines": [38], "excluded_lines": [], "start_line": 37}, "_lexical_boost": {"executed_lines": [], "summary": {"covered_lines": 0, "num_statements": 12, "percent_covered": 0.0, "percent_covered_display": "0", "missing_lines": 12, "excluded_lines": 0, "percent_statements_covered": 0.0, "percent_statements_covered_display": "0"}, "missing_lines": [43, 44, 45, 48, 51, 52, 55, 58, 61, 62, 65, 67], "excluded_lines": [], "start_line": 41}, "SkillSearchEngine.search": {"executed_lines": [], "summary": {"covered_lines": 0, "num_statements": 9, "percent_covered": 0.0, "percent_covered_display": "0", "missing_lines": 9, "excluded_lines": 0, "percent_statements_covered": 0.0, "percent_statements_covered_display": "0"}, "missing_lines": [108, 109, 110, 112, 113, 114, 117, 120, 123], "excluded_lines": [], "start_line": 84}, "SkillSearchEngine._bm25_phase": {"executed_lines": [], "summary": {"covered_lines": 0, "num_statements": 7, "percent_covered": 0.0, "percent_covered_display": "0", "missing_lines": 7, "excluded_lines": 0, "percent_statements_covered": 0.0, "percent_statements_covered_display": "0"}, "missing_lines": [132, 134, 135, 145, 147, 148, 151], "excluded_lines": [], "start_line": 125}, "SkillSearchEngine._score_phase": {"executed_lines": [], "summary": {"covered_lines": 0, "num_statements": 27, "percent_covered": 0.0, "percent_covered_display": "0", "missing_lines": 27, "excluded_lines": 0, "percent_statements_covered": 0.0, "percent_statements_covered_display": "0"}, "missing_lines": [160, 162, 163, 164, 165, 169, 170, 171, 172, 173, 174, 175, 176, 177, 180, 182, 184, 191, 192, 193, 194, 196, 197, 198, 199, 201, 202], "excluded_lines": [], "start_line": 153}, "SkillSearchEngine._dedup_and_limit": {"executed_lines": [], "summary": {"covered_lines": 0, "num_statements": 9, "percent_covered": 0.0, "percent_covered_display": "0", "missing_lines": 9, "excluded_lines": 0, "percent_statements_covered": 0.0, "percent_statements_covered_display": "0"}, "missing_lines": [210, 211, 212, 213, 214, 215, 216, 217, 218], "excluded_lines": [], "start_line": 205}, "build_local_candidates": {"executed_lines": [], "summary": {"covered_lines": 0, "num_statements": 27, "percent_covered": 0.0, "percent_covered_display": "0", "missing_lines": 27, "excluded_lines": 0, "percent_statements_covered": 0.0, "percent_statements_covered_display": "0"}, "missing_lines": [234, 236, 237, 239, 240, 241, 242, 243, 244, 245, 247, 250, 251, 252, 253, 255, 267, 268, 269, 270, 271, 272, 273, 278, 279, 280, 282], "excluded_lines": [], "start_line": 221}, "build_cloud_candidates": {"executed_lines": [], "summary": {"covered_lines": 0, "num_statements": 18, "percent_covered": 0.0, "percent_covered_display": "0", "missing_lines": 18, "excluded_lines": 0, "percent_statements_covered": 0.0, "percent_statements_covered_display": "0"}, "missing_lines": [296, 297, 298, 299, 300, 301, 302, 303, 304, 306, 319, 320, 321, 322, 323, 324, 325, 327], "excluded_lines": [], "start_line": 285}, "build_cloud_results": {"executed_lines": [], "summary": {"covered_lines": 0, "num_statements": 18, "percent_covered": 0.0, "percent_covered_display": "0", "missing_lines": 18, "excluded_lines": 0, "percent_statements_covered": 0.0, "percent_statements_covered_display": "0"}, "missing_lines": [336, 337, 339, 340, 341, 342, 343, 344, 346, 353, 354, 355, 356, 357, 358, 359, 360, 362], "excluded_lines": [], "start_line": 330}, "hybrid_search_skills": {"executed_lines": [], "summary": {"covered_lines": 0, "num_statements": 36, "percent_covered": 0.0, "percent_covered_display": "0", "missing_lines": 36, "excluded_lines": 0, "percent_statements_covered": 0.0, "percent_statements_covered_display": "0"}, "missing_lines": [388, 390, 391, 392, 394, 396, 397, 399, 400, 401, 402, 404, 405, 406, 407, 408, 413, 414, 415, 416, 417, 419, 420, 423, 424, 425, 426, 427, 428, 429, 432, 433, 434, 435, 437, 438], "excluded_lines": [], "start_line": 365}, "": {"executed_lines": [], "summary": {"covered_lines": 0, "num_statements": 22, "percent_covered": 0.0, "percent_covered_display": "0", "missing_lines": 22, "excluded_lines": 0, "percent_statements_covered": 0.0, "percent_statements_covered_display": "0"}, "missing_lines": [13, 15, 16, 17, 18, 20, 21, 24, 30, 34, 37, 41, 70, 84, 125, 153, 204, 205, 221, 285, 330, 365], "excluded_lines": [], "start_line": 1}}, "classes": {"SkillSearchEngine": {"executed_lines": [], "summary": {"covered_lines": 0, "num_statements": 52, "percent_covered": 0.0, "percent_covered_display": "0", "missing_lines": 52, "excluded_lines": 0, "percent_statements_covered": 0.0, "percent_statements_covered_display": "0"}, "missing_lines": [108, 109, 110, 112, 113, 114, 117, 120, 123, 132, 134, 135, 145, 147, 148, 151, 160, 162, 163, 164, 165, 169, 170, 171, 172, 173, 174, 175, 176, 177, 180, 182, 184, 191, 192, 193, 194, 196, 197, 198, 199, 201, 202, 210, 211, 212, 213, 214, 215, 216, 217, 218], "excluded_lines": [], "start_line": 70}, "": {"executed_lines": [], "summary": {"covered_lines": 0, "num_statements": 138, "percent_covered": 0.0, "percent_covered_display": "0", "missing_lines": 138, "excluded_lines": 0, "percent_statements_covered": 0.0, "percent_statements_covered_display": "0"}, "missing_lines": [13, 15, 16, 17, 18, 20, 21, 24, 26, 27, 30, 31, 32, 34, 37, 38, 41, 43, 44, 45, 48, 51, 52, 55, 58, 61, 62, 65, 67, 70, 84, 125, 153, 204, 205, 221, 234, 236, 237, 239, 240, 241, 242, 243, 244, 245, 247, 250, 251, 252, 253, 255, 267, 268, 269, 270, 271, 272, 273, 278, 279, 280, 282, 285, 296, 297, 298, 299, 300, 301, 302, 303, 304, 306, 319, 320, 321, 322, 323, 324, 325, 327, 330, 336, 337, 339, 340, 341, 342, 343, 344, 346, 353, 354, 355, 356, 357, 358, 359, 360, 362, 365, 388, 390, 391, 392, 394, 396, 397, 399, 400, 401, 402, 404, 405, 406, 407, 408, 413, 414, 415, 416, 417, 419, 420, 423, 424, 425, 426, 427, 428, 429, 432, 433, 434, 435, 437, 438], "excluded_lines": [], "start_line": 1}}}, "openspace/config/__init__.py": {"executed_lines": [1, 2, 3, 4, 5, 7], "summary": {"covered_lines": 6, "num_statements": 6, "percent_covered": 100.0, "percent_covered_display": "100", "missing_lines": 0, "excluded_lines": 0, "percent_statements_covered": 100.0, "percent_statements_covered_display": "100"}, "missing_lines": [], "excluded_lines": [], "functions": {"": {"executed_lines": [1, 2, 3, 4, 5, 7], "summary": {"covered_lines": 6, "num_statements": 6, "percent_covered": 100.0, "percent_covered_display": "100", "missing_lines": 0, "excluded_lines": 0, "percent_statements_covered": 100.0, "percent_statements_covered_display": "100"}, "missing_lines": [], "excluded_lines": [], "start_line": 1}}, "classes": {"": {"executed_lines": [1, 2, 3, 4, 5, 7], "summary": {"covered_lines": 6, "num_statements": 6, "percent_covered": 100.0, "percent_covered_display": "100", "missing_lines": 0, "excluded_lines": 0, "percent_statements_covered": 100.0, "percent_statements_covered_display": "100"}, "missing_lines": [], "excluded_lines": [], "start_line": 1}}}, "openspace/config/constants.py": {"executed_lines": [1, 6, 7, 8, 10, 11, 12, 13, 14, 16, 19, 22], "summary": {"covered_lines": 12, "num_statements": 12, "percent_covered": 100.0, "percent_covered_display": "100", "missing_lines": 0, "excluded_lines": 0, "percent_statements_covered": 100.0, "percent_statements_covered_display": "100"}, "missing_lines": [], "excluded_lines": [], "functions": {"": {"executed_lines": [1, 6, 7, 8, 10, 11, 12, 13, 14, 16, 19, 22], "summary": {"covered_lines": 12, "num_statements": 12, "percent_covered": 100.0, "percent_covered_display": "100", "missing_lines": 0, "excluded_lines": 0, "percent_statements_covered": 100.0, "percent_statements_covered_display": "100"}, "missing_lines": [], "excluded_lines": [], "start_line": 1}}, "classes": {"": {"executed_lines": [1, 6, 7, 8, 10, 11, 12, 13, 14, 16, 19, 22], "summary": {"covered_lines": 12, "num_statements": 12, "percent_covered": 100.0, "percent_covered_display": "100", "missing_lines": 0, "excluded_lines": 0, "percent_statements_covered": 100.0, "percent_statements_covered_display": "100"}, "missing_lines": [], "excluded_lines": [], "start_line": 1}}}, "openspace/config/grounding.py": {"executed_lines": [1, 2, 3, 4, 9, 14, 17, 20, 34, 36, 37, 38, 41, 58, 59, 60, 61, 62, 63, 64, 65, 69, 74, 75, 76, 81, 82, 83, 88, 103, 106, 108, 109, 110, 111, 112, 113, 116, 124, 125, 126, 127, 128, 129, 135, 137, 141, 147, 151, 155, 161, 165, 170, 171, 172, 179, 181, 185, 189, 193, 197, 201, 209, 215, 216, 220, 226, 234, 235, 236, 237, 238, 241, 242, 243, 245, 250, 260, 266, 273, 274, 275, 277, 278, 279, 284, 294, 301], "summary": {"covered_lines": 88, "num_statements": 118, "percent_covered": 74.57627118644068, "percent_covered_display": "75", "missing_lines": 30, "excluded_lines": 0, "percent_statements_covered": 74.57627118644068, "percent_statements_covered_display": "75"}, "missing_lines": [5, 6, 7, 28, 29, 31, 77, 78, 79, 84, 85, 86, 173, 174, 175, 176, 280, 281, 282, 286, 287, 288, 289, 290, 291, 292, 295, 296, 297, 298], "excluded_lines": [], "functions": {"ConfigMixin.get_value": {"executed_lines": [], "summary": {"covered_lines": 0, "num_statements": 3, "percent_covered": 0.0, "percent_covered_display": "0", "missing_lines": 3, "excluded_lines": 0, "percent_statements_covered": 0.0, "percent_statements_covered_display": "0"}, "missing_lines": [28, 29, 31], "excluded_lines": [], "start_line": 20}, "ShellConfig.validate_shell": {"executed_lines": [], "summary": {"covered_lines": 0, "num_statements": 3, "percent_covered": 0.0, "percent_covered_display": "0", "missing_lines": 3, "excluded_lines": 0, "percent_statements_covered": 0.0, "percent_statements_covered_display": "0"}, "missing_lines": [77, 78, 79], "excluded_lines": [], "start_line": 76}, "ShellConfig.validate_working_dir": {"executed_lines": [], "summary": {"covered_lines": 0, "num_statements": 3, "percent_covered": 0.0, "percent_covered_display": "0", "missing_lines": 3, "excluded_lines": 0, "percent_statements_covered": 0.0, "percent_statements_covered_display": "0"}, "missing_lines": [84, 85, 86], "excluded_lines": [], "start_line": 83}, "ToolSearchConfig.validate_search_mode": {"executed_lines": [], "summary": {"covered_lines": 0, "num_statements": 4, "percent_covered": 0.0, "percent_covered_display": "0", "missing_lines": 4, "excluded_lines": 0, "percent_statements_covered": 0.0, "percent_statements_covered_display": "0"}, "missing_lines": [173, 174, 175, 176], "excluded_lines": [], "start_line": 172}, "GroundingConfig.validate_log_level": {"executed_lines": [], "summary": {"covered_
[...]
5, 272, 276, 280, 287, 291, 292, 294, 295, 296, 297, 299, 300, 301, 302], "excluded_lines": [], "start_line": 102}, "OpenSpace.execute": {"executed_lines": [], "summary": {"covered_lines": 0, "num_statements": 162, "percent_covered": 0.0, "percent_covered_display": "0", "missing_lines": 162, "excluded_lines": 0, "percent_statements_covered": 0.0, "percent_statements_covered_display": "0"}, "missing_lines": [325, 326, 331, 332, 333, 337, 338, 341, 342, 347, 348, 349, 351, 352, 353, 354, 356, 357, 358, 361, 364, 365, 366, 367, 368, 376, 377, 378, 379, 380, 382, 383, 384, 385, 387, 388, 390, 391, 392, 393, 395, 396, 397, 398, 400, 401, 402, 403, 404, 405, 406, 407, 408, 410, 411, 412, 413, 414, 415, 420, 421, 422, 423, 424, 425, 426, 427, 432, 433, 434, 436, 439, 442, 443, 445, 446, 450, 451, 454, 455, 456, 457, 458, 459, 462, 463, 466, 467, 468, 469, 472, 474, 475, 476, 477, 486, 494, 495, 496, 497, 498, 499, 500, 501, 502, 503, 504, 506, 507, 508, 509, 513, 514, 516, 517, 519, 520, 521, 527, 531, 532, 534, 536, 537, 538, 540, 541, 542, 546, 547, 552, 553, 555, 556, 557, 558, 560, 573, 574, 575, 576, 577, 578, 580, 581, 582, 585, 586, 587, 592, 593, 595, 596, 597, 598, 599, 603, 608, 610, 618, 619, 621], "excluded_lines": [], "start_line": 304}, "OpenSpace._init_skill_registry": {"executed_lines": [], "summary": {"covered_lines": 0, "num_statements": 31, "percent_covered": 0.0, "percent_covered_display": "0", "missing_lines": 31, "excluded_lines": 0, "percent_statements_covered": 0.0, "percent_statements_covered_display": "0"}, "missing_lines": [637, 638, 641, 642, 643, 644, 645, 646, 647, 648, 649, 650, 651, 653, 656, 657, 658, 659, 660, 661, 662, 664, 667, 668, 669, 671, 672, 673, 675, 676, 677], "excluded_lines": [], "start_line": 624}, "OpenSpace._select_and_inject_skills": {"executed_lines": [], "summary": {"covered_lines": 0, "num_statements": 30, "percent_covered": 0.0, "percent_covered_display": "0", "missing_lines": 30, "excluded_lines": 0, "percent_statements_covered": 0.0, "percent_statements_covered_display": "0"}, "missing_lines": [692, 693, 695, 698, 699, 700, 703, 704, 705, 706, 707, 716, 717, 719, 720, 728, 729, 730, 738, 740, 741, 743, 744, 745, 748, 749, 750, 751, 752, 754], "excluded_lines": [], "start_line": 679}, "OpenSpace._get_skill_selection_llm": {"executed_lines": [], "summary": {"covered_lines": 0, "num_statements": 5, "percent_covered": 0.0, "percent_covered_display": "0", "missing_lines": 5, "excluded_lines": 0, "percent_statements_covered": 0.0, "percent_statements_covered_display": "0"}, "missing_lines": [762, 763, 771, 772, 775], "excluded_lines": [], "start_line": 756}, "OpenSpace._maybe_analyze_execution": {"executed_lines": [], "summary": {"covered_lines": 0, "num_statements": 16, "percent_covered": 0.0, "percent_covered_display": "0", "missing_lines": 16, "excluded_lines": 0, "percent_statements_covered": 0.0, "percent_statements_covered_display": "0"}, "missing_lines": [790, 791, 792, 795, 799, 805, 806, 809, 810, 812, 816, 817, 820, 821, 832, 834], "excluded_lines": [], "start_line": 777}, "OpenSpace._maybe_evolve_quality": {"executed_lines": [], "summary": {"covered_lines": 0, "num_statements": 23, "percent_covered": 0.0, "percent_covered_display": "0", "missing_lines": 23, "excluded_lines": 0, "percent_statements_covered": 0.0, "percent_statements_covered_display": "0"}, "missing_lines": [848, 849, 855, 856, 857, 858, 861, 862, 863, 864, 865, 868, 869, 870, 871, 875, 880, 881, 884, 885, 886, 890, 891], "excluded_lines": [], "start_line": 836}, "OpenSpace.cleanup": {"executed_lines": [], "summary": {"covered_lines": 0, "num_statements": 25, "percent_covered": 0.0, "percent_covered_display": "0", "missing_lines": 25, "excluded_lines": 0, "percent_statements_covered": 0.0, "percent_statements_covered_display": "0"}, "missing_lines": [898, 900, 902, 903, 905, 906, 907, 909, 910, 911, 912, 913, 914, 916, 917, 918, 919, 920, 921, 923, 924, 925, 927, 929, 930], "excluded_lines": [], "start_line": 893}, "OpenSpace.is_initialized": {"executed_lines": [], "summary": {"covered_lines": 0, "num_statements": 1, "percent_covered": 0.0, "percent_covered_display": "0", "missing_lines": 1, "excluded_lines": 0, "percent_statements_covered": 0.0, "percent_statements_covered_display": "0"}, "missing_lines": [933], "excluded_lines": [], "start_line": 932}, "OpenSpace.is_running": {"executed_lines": [], "summary": {"covered_lines": 0, "num_statements": 1, "percent_covered": 0.0, "percent_covered_display": "0", "missing_lines": 1, "excluded_lines": 0, "percent_statements_covered": 0.0, "percent_statements_covered_display": "0"}, "missing_lines": [936], "excluded_lines": [], "start_line": 935}, "OpenSpace.get_config": {"executed_lines": [], "summary": {"covered_lines": 0, "num_statements": 1, "percent_covered": 0.0, "percent_covered_display": "0", "missing_lines": 1, "excluded_lines": 0, "percent_statements_covered": 0.0, "percent_statements_covered_display": "0"}, "missing_lines": [939], "excluded_lines": [], "start_line": 938}, "OpenSpace.list_backends": {"executed_lines": [], "summary": {"covered_lines": 0, "num_statements": 3, "percent_covered": 0.0, "percent_covered_display": "0", "missing_lines": 3, "excluded_lines": 0, "percent_statements_covered": 0.0, "percent_statements_covered_display": "0"}, "missing_lines": [942, 943, 944], "excluded_lines": [], "start_line": 941}, "OpenSpace.list_sessions": {"executed_lines": [], "summary": {"covered_lines": 0, "num_statements": 3, "percent_covered": 0.0, "percent_covered_display": "0", "missing_lines": 3, "excluded_lines": 0, "percent_statements_covered": 0.0, "percent_statements_covered_display": "0"}, "missing_lines": [947, 948, 949], "excluded_lines": [], "start_line": 946}, "OpenSpace.__aenter__": {"executed_lines": [], "summary": {"covered_lines": 0, "num_statements": 2, "percent_covered": 0.0, "percent_covered_display": "0", "missing_lines": 2, "excluded_lines": 0, "percent_statements_covered": 0.0, "percent_statements_covered_display": "0"}, "missing_lines": [953, 954], "excluded_lines": [], "start_line": 951}, "OpenSpace.__aexit__": {"executed_lines": [], "summary": {"covered_lines": 0, "num_statements": 2, "percent_covered": 0.0, "percent_covered_display": "0", "missing_lines": 2, "excluded_lines": 0, "percent_statements_covered": 0.0, "percent_statements_covered_display": "0"}, "missing_lines": [958, 959], "excluded_lines": [], "start_line": 956}, "OpenSpace.__repr__": {"executed_lines": [], "summary": {"covered_lines": 0, "num_statements": 5, "percent_covered": 0.0, "percent_covered_display": "0", "missing_lines": 5, "excluded_lines": 0, "percent_statements_covered": 0.0, "percent_statements_covered_display": "0"}, "missing_lines": [962, 963, 964, 965, 966], "excluded_lines": [], "start_line": 961}, "": {"executed_lines": [], "summary": {"covered_lines": 0, "num_statements": 66, "percent_covered": 0.0, "percent_covered_display": "0", "missing_lines": 66, "excluded_lines": 0, "percent_statements_covered": 0.0, "percent_statements_covered_display": "0"}, "missing_lines": [1, 3, 4, 5, 6, 7, 8, 10, 11, 12, 13, 14, 15, 16, 17, 18, 19, 21, 24, 25, 27, 28, 29, 30, 31, 32, 35, 36, 39, 40, 41, 44, 45, 46, 49, 50, 53, 56, 57, 58, 59, 60, 61, 64, 67, 68, 69, 71, 79, 80, 102, 304, 624, 679, 756, 777, 836, 893, 932, 935, 938, 941, 946, 951, 956, 961], "excluded_lines": [], "start_line": 1}}, "classes": {"OpenSpaceConfig": {"executed_lines": [], "summary": {"covered_lines": 0, "num_statements": 3, "percent_covered": 0.0, "percent_covered_display": "0", "missing_lines": 3, "excluded_lines": 0, "percent_statements_covered": 0.0, "percent_statements_covered_display": "0"}, "missing_lines": [73, 74, 76], "excluded_lines": [], "start_line": 25}, "OpenSpace": {"executed_lines": [], "summary": {"covered_lines": 0, "num_statements": 411, "percent_covered": 0.0, "percent_covered_display": "0", "missing_lines": 411, "excluded_lines": 0, "percent_statements_covered": 0.0, "percent_statements_covered_display": "0"}, "missing_lines": [81, 83, 84, 85, 86, 87, 88, 89, 90, 91, 92, 93, 95, 96, 97, 98, 100, 103, 104, 105, 107, 109, 110, 118, 123, 124, 125, 127, 132, 135, 138, 139, 145, 146, 150, 151, 152, 153, 154, 155, 156, 158, 159, 160, 161, 162, 164, 165, 166, 167, 171, 172, 173, 177, 178, 182, 183, 187, 188, 189, 191, 192, 193, 195, 196, 207, 208, 209, 214, 215, 216, 222, 224, 236, 239, 240, 241, 242, 243, 244, 247, 248, 249, 250, 255, 261, 265, 272, 276, 280, 287, 291, 292, 294, 295, 296, 297, 299, 300, 301, 302, 325, 326, 331, 332, 333, 337, 338, 341, 342, 347, 348, 349, 351, 352, 353, 354, 356, 357, 358, 361, 364, 365, 366, 367, 368, 376, 377, 378, 379, 380, 382, 383, 384, 385, 387, 388, 390, 391, 392, 393, 395, 396, 397, 398, 400, 401, 402, 403, 404, 405, 406, 407, 408, 410, 411, 412, 413, 414, 415, 420, 421, 422, 423, 424, 425, 426, 427, 432, 433, 434, 436, 439, 442, 443, 445, 446, 450, 451, 454, 455, 456, 457, 458, 459, 462, 463, 466, 467, 468, 469, 472, 474, 475, 476, 477, 486, 494, 495, 496, 497, 498, 499, 500, 501, 502, 503, 504, 506, 507, 508, 509, 513, 514, 516, 517, 519, 520, 521, 527, 531, 532, 534, 536, 537, 538, 540, 541, 542, 546, 547, 552, 553, 555, 556, 557, 558, 560, 573, 574, 575, 576, 577, 578, 580, 581, 582, 585, 586, 587, 592, 593, 595, 596, 597, 598, 599, 603, 608, 610, 618, 619, 621, 637, 638, 641, 642, 643, 644, 645, 646, 647, 648, 649, 650, 651, 653, 656, 657, 658, 659, 660, 661, 662, 664, 667, 668, 669, 671, 672, 673, 675, 676, 677, 692, 693, 695, 698, 699, 700, 703, 704, 705, 706, 707, 716, 717, 719, 720, 728, 729, 730, 738, 740, 741, 743, 744, 745, 748, 749, 750, 751, 752, 754, 762, 763, 771, 772, 775, 790, 791, 792, 795, 799, 805, 806, 809, 810, 812, 816, 817, 820, 821, 832, 834, 848, 849, 855, 856, 857, 858, 861, 862, 863, 864, 865, 868, 869, 870, 871, 875, 880, 881, 884, 885, 886, 890, 891, 898, 900, 902, 903, 905, 906, 907, 909, 910, 911, 912, 913, 914, 916, 917, 918, 919, 920, 921, 923, 924, 925, 927, 929, 930, 933, 936, 939, 942, 943, 944, 947, 948, 949, 953, 954, 958, 959, 962, 963, 964, 965, 966], "excluded_lines": [], "start_line": 79}, "": {"executed_lines": [], "summary": {"covered_lines": 0, "num_statements": 66, "percent_covered": 0.0, "percent_covered_display": "0", "missing_lines": 66, "excluded_lines": 0, "percent_statements_covered": 0.0, "percent_statements_covered_display": "0"}, "missing_lines": [1, 3, 4, 5, 6, 7, 8, 10, 11, 12, 13, 14, 15, 16, 17, 18, 19, 21, 24, 25, 27, 28, 29, 30, 31, 32, 35, 36, 39, 40, 41, 44, 45, 46, 49, 50, 53, 56, 57, 58, 59, 60, 61, 64, 67, 68, 69, 71, 79, 80, 102, 304, 624, 679, 756, 777, 836, 893, 932, 935, 938, 941, 946, 951, 956, 961], "excluded_lines": [], "start_line": 1}}}, "openspace/utils/logging.py": {"executed_lines": [1, 2, 3, 4, 5, 6, 7, 8, 9, 11, 14, 19, 20, 21, 22, 23, 24, 27, 34, 43, 47, 48, 51, 54, 55, 56, 59, 60, 69, 78, 87, 89, 93, 94, 95, 97, 98, 105, 106, 107, 108, 110, 111, 117, 119, 120, 121, 123, 124, 127, 128, 131, 132, 133, 134, 135, 136, 137, 138, 141, 143, 145, 146, 177, 178, 184, 185, 188, 189, 190, 195, 198, 201, 202, 205, 206, 207, 211, 214, 215, 216, 217, 218, 221, 222, 223, 224, 225, 226, 227, 228, 231, 232, 234, 236, 237, 253, 254, 260, 261, 284, 285, 294, 295, 296, 298, 299, 300, 303, 305, 306, 315, 316, 325, 328, 329], "summary": {"covered_lines": 116, "num_statements": 168, "percent_covered": 69.04761904761905, "percent_covered_display": "69", "missing_lines": 52, "excluded_lines": 0, "percent_statements_covered": 69.04761904761905, "percent_statements_covered_display": "69"}, "missing_lines": [35, 37, 38, 70, 72, 73, 75, 112, 114, 139, 142, 180, 181, 182, 191, 192, 239, 240, 241, 242, 243, 244, 246, 247, 248, 249, 251, 257, 258, 273, 275, 276, 277, 279, 280, 281, 282, 287, 288, 289, 290, 291, 292, 302, 307, 308, 309, 310, 317, 318, 319, 321], "excluded_lines": [], "functions": {"_load_log_level_from_config": {"executed_lines": [19, 20, 21, 22, 23, 24, 27, 34], "summary": {"covered_lines": 8, "num_statements": 11, "percent_covered": 72.72727272727273, "percent_covered_display": "73", "missing_lines": 3, "excluded_lines": 0, "percent_statements_covered": 72.72727272727273, "percent_statements_covered_display": "73"}, "missing_lines": [35, 37, 38], "excluded_lines": [], "start_line": 14}, "FlushFileHandler.emit": {"executed_lines": [55, 56], "summary": {"covered_lines": 2, "num_statements": 2, "percent_covered": 100.0, "percent_covered_display": "100", "missing_lines": 0, "excluded_lines": 0, "percent_statements_covered": 100.0, "percent_statements_covered_display": "100"}, "missing_lines": [], "excluded_lines": [], "start_line": 54}, "ColoredFormatter.format": {"executed_lines": [], "summary": {"covered_lines": 0, "num_statements": 4, "percent_covered": 0.0, "percent_covered_display": "0", "missing_lines": 4, "excluded_lines": 0, "percent_statements_covered": 0.0, "percent_statements_covered_display": "0"}, "missing_lines": [70, 72, 73, 75], "excluded_lines": [], "start_line": 69}, "Logger._get_default_log_file": {"executed_lines": [105, 106, 107, 108, 110, 111, 117, 119, 120, 121], "summary": {"covered_lines": 10, "num_statements": 12, "percent_covered": 83.33333333333333, "percent_covered_display": "83", "missing_lines": 2, "excluded_lines": 0, "percent_statements_covered": 83.33333333333333, "percent_statements_covered_display": "83"}, "missing_lines": [112, 114], "excluded_lines": [], "start_line": 98}, "Logger.get_logger": {"executed_lines": [127, 128, 131, 132, 133, 134, 135, 136, 137, 138, 141, 143], "summary": {"covered_lines": 12, "num_statements": 14, "percent_covered": 85.71428571428571, "percent_covered_display": "86", "missing_lines": 2, "excluded_lines": 0, "percent_statements_covered": 85.71428571428571, "percent_statements_covered_display": "86"}, "missing_lines": [139, 142], "excluded_lines": [], "start_line": 124}, "Logger.configure": {"executed_lines": [177, 178, 184, 185, 188, 189, 190, 195, 198, 201, 202, 205, 206, 207, 211, 214, 215, 216, 217, 218, 221, 222, 223, 224, 225, 226, 227, 228, 231, 232, 234], "summary": {"covered_lines": 31, "num_statements": 36, "percent_covered": 86.11111111111111, "percent_covered_display": "86", "missing_lines": 5, "excluded_lines": 0, "percent_statements_covered": 86.11111111111111, "percent_statements_covered_display": "86"}, "missing_lines": [180, 181, 182, 191, 192], "excluded_lines": [], "start_line": 146}, "Logger.set_level": {"executed_lines": [], "summary": {"covered_lines": 0, "num_statements": 11, "percent_covered": 0.0, "percent_covered_display": "0", "missing_lines": 11, "excluded_lines": 0, "percent_statements_covered": 0.0, "percent_statements_covered_display": "0"}, "missing_lines": [239, 240, 241, 242, 243, 244, 246, 247, 248, 249, 251], "excluded_lines": [], "start_line": 237}, "Logger.set_debug": {"executed_lines": [], "summary": {"covered_lines": 0, "num_statements": 2, "percent_covered": 0.0, "percent_covered_display": "0", "missing_lines": 2, "excluded_lines": 0, "percent_statements_covered": 0.0, "percent_statements_covered_display": "0"}, "missing_lines": [257, 258], "excluded_lines": [], "start_line": 254}, "Logger.add_file_handler": {"executed_lines": [], "summary": {"covered_lines": 0, "num_statements": 8, "percent_covered": 0.0, "percent_covered_display": "0", "missing_lines": 8, "excluded_lines": 0, "percent_statements_covered": 0.0, "percent_statements_covered_display": "0"}, "missing_lines": [273, 275, 276, 277, 279, 280, 281, 282], "excluded_lines": [], "start_line": 261}, "Logger.reset_configuration": {"executed_lines": [], "summary": {"covered_lines": 0, "num_statements": 6, "percent_covered": 0.0, "percent_covered_display": "0", "missing_lines": 6, "excluded_lines": 0, "percent_statements_covered": 0.0, "percent_statements_covered_display": "0"}, "missing_lines": [287, 288, 289, 290, 291, 292], "excluded_lines": [], "start_line": 285}, "Logger._stdout_supports_color": {"executed_lines": [296], "summary": {"covered_lines": 1, "num_statements": 1, "percent_covered": 100.0, "percent_covered_display": "100", "missing_lines": 0, "excluded_lines": 0, "percent_statements_covered": 100.0, "percent_statements_covered_display": "100"}, "missing_lines": [], "excluded_lines": [], "start_line": 295}, "Logger._resolve_level": {"executed_lines": [300, 303], "summary": {"covered_lines": 2, "num_statements": 3, "percent_covered": 66.66666666666667, "percent_covered_display": "67", "missing_lines": 1, "excluded_lines": 0, "percent_statements_covered": 66.66666666666667, "percent_statements_covered_display": "67"}, "missing_lines": [302], "excluded_lines": [], "start_line": 299}, "Logger._update_level": {"executed_lines": [], "summary": {"covered_lines": 0, "num_statements": 4, "percent_covered": 0.0, "percent_covered_display": "0", "missing_lines": 4, "excluded_lines": 0, "percent_statements_covered": 0.0, "percent_statements_covered_display": "0"}, "missing_lines": [307, 308, 309, 310], "excluded_lines": [], "start_line": 306}, "": {"executed_lines": [1, 2, 3, 4, 5, 6, 7, 8, 9, 11, 14, 43, 47, 48, 51, 54, 59, 60, 69, 78, 87, 89, 93, 94, 95, 97, 98, 123, 124, 145, 146, 236, 237, 253, 254, 260, 261, 284, 285, 294, 295, 298, 299, 305, 306, 315, 316, 325, 328, 329], "summary": {"covered_lines": 50, "num_statements": 54, "percent_covered": 92.5925925925926, "percent_covered_display": "93", "missing_lines": 4, "excluded_lines": 0, "percent_statements_covered": 92.5925925925926, "percent_statements_covered_display": "93"}, "missing_lines": [317, 318, 319, 321], "excluded_lines": [], "start_line": 1}}, "classes": {"FlushFileHandler": {"executed_lines": [55, 56], "summary": {"covered_lines": 2, "num_statements": 2, "percent_covered": 100.0, "percent_covered_display": "100", "missing_lines": 0, "excluded_lines": 0, "percent_statements_covered": 100.0, "percent_statements_covered_display": "100"}, "missing_lines": [], "excluded_lines": [], "start_line": 51}, "ColoredFormatter": {"executed_lines": [], "summary": {"covered_lines": 0, "num_statements": 4, "percent_covered": 0.0, "percent_covered_display": "0", "missing_lines": 4, "excluded_lines": 0, "percent_statements_covered": 0.0, "percent_statements_covered_display": "0"}, "missing_lines": [70, 72, 73, 75], "excluded_lines": [], "start_line": 59}, "Logger": {"executed_lines": [105, 106, 107, 108, 110, 111, 117, 119, 120, 121, 127, 128, 131, 132, 133, 134, 135, 136, 137, 138, 141, 143, 177, 178, 184, 185, 188, 189, 190, 195, 198, 201, 202, 205, 206, 207, 211, 214, 215, 216, 217, 218, 221, 222, 223, 224, 225, 226, 227, 228, 231, 232, 234, 296, 300, 303], "summary": {"covered_lines": 56, "num_statements": 97, "percent_covered": 57.7319587628866, "percent_covered_display": "58", "missing_lines": 41, "excluded_lines": 0, "percent_statements_covered": 57.7319587628866, "percent_statements_covered_display": "58"}, "missing_lines": [112, 114, 139, 142, 180, 181, 182, 191, 192, 239, 240, 241, 242, 243, 244, 246, 247, 248, 249, 251, 257, 258, 273, 275, 276, 277, 279, 280, 281, 282, 287, 288, 289, 290, 291, 292, 302, 307, 308, 309, 310], "excluded_lines": [], "start_line": 78}, "": {"executed_lines": [1, 2, 3, 4, 5, 6, 7, 8, 9, 11, 14, 19, 20, 21, 22, 23, 24, 27, 34, 43, 47, 48, 51, 54, 59, 60, 69, 78, 87, 89, 93, 94, 95, 97, 98, 123, 124, 145, 146, 236, 237, 253, 254, 260, 261, 284, 285, 294, 295, 298, 299, 305, 306, 315, 316, 325, 328, 329], "summary": {"covered_lines": 58, "num_statements": 65, "percent_covered": 89.23076923076923, "percent_covered_display": "89", "missing_lines": 7, "excluded_lines": 0, "percent_statements_covered": 89.23076923076923, "percent_statements_covered_display": "89"}, "missing_lines": [35, 37, 38, 317, 318, 319, 321], "excluded_lines": [], "start_line": 1}}}}, "totals": {"covered_lines": 1448, "num_statements": 12787, "percent_covered": 11.324000938453116, "percent_covered_display": "11", "missing_lines": 11339, "excluded_lines": 29, "percent_statements_covered": 11.324000938453116, "percent_statements_covered_display": "11"}}